{"uuid":"4ef536c3-0d02-47e5-b1db-ddb3f7fa5d93","historyId":"e14d1d61367d3b37ab59340e84aed511","fullName":"src/test/resources/features/IkinciSenaryo.feature:3","labels":[{"name":"tag","value":"evet"},{"name":"host","value":"ONUR"},{"name":"thread","value":"1688@ONUR.main(1)"},{"name":"feature","value":""},{"name":"story","value":"Eğitmen geçerli datalarla login olup, ödeme bölümünde geçerli datalarla ödeme yapıp kurs satın alabilmeli"},{"name":"suite","value":""},{"name":"testClass","value":"Eğitmen geçerli datalarla login olup, ödeme bölümünde geçerli datalarla ödeme yapıp kurs satın alabilmeli"},{"name":"framework","value":"cucumber4jvm"},{"name":"language","value":"java"},{"name":"gherkin_uri","value":"file:///C:/Users/X/IdeaProjects/Proje_Demo/src/test/resources/features/IkinciSenaryo.feature"},{"name":"package","value":"src.test.resources.features.IkinciSenaryo_feature"}],"links":[],"name":"Eğitmen geçerli datalarla login olup, ödeme bölümünde geçerli datalarla ödeme yapıp kurs satın alabilmeli","status":"broken","statusDetails":{"known":false,"muted":false,"flaky":false,"message":"invalid selector: The result of the xpath expression \"//*[@id=\"app\"]/section[2]/div/div[2]/div[1]/div[2]/form/div[3]/button[2]/text()\" is: [object Text]. It should be an element.\n  (Session info: chrome=140.0.7339.208)\nFor documentation on this error, please visit: https://www.selenium.dev/documentation/webdriver/troubleshooting/errors#invalid-selector-exception\nBuild info: version: '4.14.0', revision: 'e5a96349ce'\nSystem info: os.name: 'Windows 10', os.arch: 'amd64', os.version: '10.0', java.version: '23.0.2'\nDriver info: org.openqa.selenium.chrome.ChromeDriver\nCommand: [fde335dfb46f9f27f1d643630bbb8235, findElement {using=xpath, value=//*[@id=\"app\"]/section[2]/div/div[2]/div[1]/div[2]/form/div[3]/button[2]/text()}]\nCapabilities {acceptInsecureCerts: false, browserName: chrome, browserVersion: 140.0.7339.208, chrome: {chromedriverVersion: 140.0.7339.207 (17230b545fd..., userDataDir: C:\\Users\\X\\AppData\\Local\\Te...}, fedcm:accounts: true, goog:chromeOptions: {debuggerAddress: localhost:63381}, networkConnectionEnabled: false, pageLoadStrategy: normal, platformName: windows, proxy: Proxy(), se:cdp: ws://localhost:63381/devtoo..., se:cdpVersion: 140.0.7339.208, setWindowRect: true, strictFileInteractability: false, timeouts: {implicit: 0, pageLoad: 300000, script: 30000}, unhandledPromptBehavior: dismiss and notify, webauthn:extension:credBlob: true, webauthn:extension:largeBlob: true, webauthn:extension:minPinLength: true, webauthn:extension:prf: true, webauthn:virtualAuthenticators: true}\nSession ID: fde335dfb46f9f27f1d643630bbb8235","trace":"org.openqa.selenium.InvalidSelectorException: invalid selector: The result of the xpath expression \"//*[@id=\"app\"]/section[2]/div/div[2]/div[1]/div[2]/form/div[3]/button[2]/text()\" is: [object Text]. It should be an element.\n  (Session info: chrome=140.0.7339.208)\nFor documentation on this error, please visit: https://www.selenium.dev/documentation/webdriver/troubleshooting/errors#invalid-selector-exception\nBuild info: version: '4.14.0', revision: 'e5a96349ce'\nSystem info: os.name: 'Windows 10', os.arch: 'amd64', os.version: '10.0', java.version: '23.0.2'\nDriver info: org.openqa.selenium.chrome.ChromeDriver\nCommand: [fde335dfb46f9f27f1d643630bbb8235, findElement {using=xpath, value=//*[@id=\"app\"]/section[2]/div/div[2]/div[1]/div[2]/form/div[3]/button[2]/text()}]\nCapabilities {acceptInsecureCerts: false, browserName: chrome, browserVersion: 140.0.7339.208, chrome: {chromedriverVersion: 140.0.7339.207 (17230b545fd..., userDataDir: C:\\Users\\X\\AppData\\Local\\Te...}, fedcm:accounts: true, goog:chromeOptions: {debuggerAddress: localhost:63381}, networkConnectionEnabled: false, pageLoadStrategy: normal, platformName: windows, proxy: Proxy(), se:cdp: ws://localhost:63381/devtoo..., se:cdpVersion: 140.0.7339.208, setWindowRect: true, strictFileInteractability: false, timeouts: {implicit: 0, pageLoad: 300000, script: 30000}, unhandledPromptBehavior: dismiss and notify, webauthn:extension:credBlob: true, webauthn:extension:largeBlob: true, webauthn:extension:minPinLength: true, webauthn:extension:prf: true, webauthn:virtualAuthenticators: true}\nSession ID: fde335dfb46f9f27f1d643630bbb8235\r\n\tat java.base/jdk.internal.reflect.DirectConstructorHandleAccessor.newInstance(DirectConstructorHandleAccessor.java:62)\r\n\tat java.base/java.lang.reflect.Constructor.newInstanceWithCaller(Constructor.java:501)\r\n\tat java.base/java.lang.reflect.Constructor.newInstance(Constructor.java:485)\r\n\tat org.openqa.selenium.remote.codec.w3c.W3CHttpResponseCodec.createException(W3CHttpResponseCodec.java:200)\r\n\tat org.openqa.selenium.remote.codec.w3c.W3CHttpResponseCodec.decode(W3CHttpResponseCodec.java:133)\r\n\tat org.openqa.selenium.remote.codec.w3c.W3CHttpResponseCodec.decode(W3CHttpResponseCodec.java:52)\r\n\tat org.openqa.selenium.remote.HttpCommandExecutor.execute(HttpCommandExecutor.java:191)\r\n\tat org.openqa.selenium.remote.service.DriverCommandExecutor.invokeExecute(DriverCommandExecutor.java:196)\r\n\tat org.openqa.selenium.remote.service.DriverCommandExecutor.execute(DriverCommandExecutor.java:171)\r\n\tat org.openqa.selenium.remote.RemoteWebDriver.execute(RemoteWebDriver.java:602)\r\n\tat org.openqa.selenium.remote.ElementLocation$ElementFinder$2.findElement(ElementLocation.java:165)\r\n\tat org.openqa.selenium.remote.ElementLocation.findElement(ElementLocation.java:59)\r\n\tat org.openqa.selenium.remote.RemoteWebDriver.findElement(RemoteWebDriver.java:359)\r\n\tat org.openqa.selenium.remote.RemoteWebDriver.findElement(RemoteWebDriver.java:353)\r\n\tat org.openqa.selenium.support.pagefactory.DefaultElementLocator.findElement(DefaultElementLocator.java:68)\r\n\tat org.openqa.selenium.support.pagefactory.internal.LocatingElementHandler.invoke(LocatingElementHandler.java:38)\r\n\tat jdk.proxy2/jdk.proxy2.$Proxy37.getWrappedElement(Unknown Source)\r\n\tat org.openqa.selenium.remote.internal.WebElementToJsonConverter.apply(WebElementToJsonConverter.java:51)\r\n\tat java.base/java.util.stream.ReferencePipeline$3$1.accept(ReferencePipeline.java:215)\r\n\tat java.base/java.util.Spliterators$ArraySpliterator.forEachRemaining(Spliterators.java:1024)\r\n\tat java.base/java.util.stream.AbstractPipeline.copyInto(AbstractPipeline.java:570)\r\n\tat java.base/java.util.stream.AbstractPipeline.wrapAndCopyInto(AbstractPipeline.java:560)\r\n\tat java.base/java.util.stream.ReduceOps$ReduceOp.evaluateSequential(ReduceOps.java:921)\r\n\tat java.base/java.util.stream.AbstractPipeline.evaluate(AbstractPipeline.java:265)\r\n\tat java.base/java.util.stream.ReferencePipeline.collect(ReferencePipeline.java:727)\r\n\tat org.openqa.selenium.remote.RemoteWebDriver.executeScript(RemoteWebDriver.java:465)\r\n\tat utilities.JSUtilities.scrollToElement(JSUtilities.java:14)\r\n\tat stepdefinitions.DemoSteps.scroll(DemoSteps.java:20)\r\n\tat stepdefinitions.DemoSteps.kullanici_buy_now_butonuna_tıklar(DemoSteps.java:503)\r\n\tat ✽.Kullanici Buy Now butonuna tıklar(file:///C:/Users/X/IdeaProjects/Proje_Demo/src/test/resources/features/IkinciSenaryo.feature:30)\r\n"},"stage":"finished","steps":[{"name":"Given  İlgili URL ile ana sayfaya ulaşır.","status":"passed","statusDetails":{"known":false,"muted":false,"flaky":false},"stage":"finished","steps":[],"attachments":[],"parameters":[],"start":1759546467201,"stop":1759546475252},{"name":"And  Kullanici Login linkine tıklar","status":"passed","statusDetails":{"known":false,"muted":false,"flaky":false},"stage":"finished","steps":[],"attachments":[],"parameters":[],"start":1759546475254,"stop":1759546476205},{"name":"And  Kullanici Email ve Password text box larına data girmez","status":"passed","statusDetails":{"known":false,"muted":false,"flaky":false},"stage":"finished","steps":[],"attachments":[],"parameters":[],"start":1759546476206,"stop":1759546476206},{"name":"Then  login butonuna tıklar","status":"passed","statusDetails":{"known":false,"muted":false,"flaky":false},"stage":"finished","steps":[],"attachments":[],"parameters":[],"start":1759546476207,"stop":1759546478980},{"name":"And  Kullanıcı uyarı mesajini görüntüler negatif login testi başarılı","status":"passed","statusDetails":{"known":false,"muted":false,"flaky":false},"stage":"finished","steps":[],"attachments":[],"parameters":[],"start":1759546478980,"stop":1759546478981},{"name":"And  Kullanici Email ve Password text box larına geçersiz data girer","status":"passed","statusDetails":{"known":false,"muted":false,"flaky":false},"stage":"finished","steps":[],"attachments":[],"parameters":[],"start":1759546478981,"stop":1759546483246},{"name":"Then  login butonuna tıklar","status":"passed","statusDetails":{"known":false,"muted":false,"flaky":false},"stage":"finished","steps":[],"attachments":[],"parameters":[],"start":1759546483246,"stop":1759546485981},{"name":"And  Kullanıcı uyarı mesajini görüntüler negatif login testi başarılı","status":"passed","statusDetails":{"known":false,"muted":false,"flaky":false},"stage":"finished","steps":[],"attachments":[],"parameters":[],"start":1759546485982,"stop":1759546485982},{"name":"When  Kullanıcı Email textbox'ına geçerli E-posta Password text box'ına geçersiz şifre girer","status":"passed","statusDetails":{"known":false,"muted":false,"flaky":false},"stage":"finished","steps":[],"attachments":[],"parameters":[],"start":1759546485982,"stop":1759546490430},{"name":"Then  login butonuna tıklar","status":"passed","statusDetails":{"known":false,"muted":false,"flaky":false},"stage":"finished","steps":[],"attachments":[],"parameters":[],"start":1759546490431,"stop":1759546493260},{"name":"And  Kullanıcı uyarı mesajini görüntüler negatif login testi başarılı","status":"passed","statusDetails":{"known":false,"muted":false,"flaky":false},"stage":"finished","steps":[],"attachments":[],"parameters":[],"start":1759546493261,"stop":1759546493262},{"name":"When  Kullanıcı Email textbox'ına geçersiz E-posta Password text box'ına geçerli şifre girer","status":"passed","statusDetails":{"known":false,"muted":false,"flaky":false},"stage":"finished","steps":[],"attachments":[],"parameters":[],"start":1759546493262,"stop":1759546497567},{"name":"Then  login butonuna tıklar","status":"passed","statusDetails":{"known":false,"muted":false,"flaky":false},"stage":"finished","steps":[],"attachments":[],"parameters":[],"start":1759546497569,"stop":1759546501599},{"name":"And  Kullanıcı uyarı mesajini görüntüler negatif login testi başarılı","status":"passed","statusDetails":{"known":false,"muted":false,"flaky":false},"stage":"finished","steps":[],"attachments":[],"parameters":[],"start":1759546501600,"stop":1759546501601},{"name":"When  Kullanıcı Email textbox'ına geçersiz formatta data girer","status":"passed","statusDetails":{"known":false,"muted":false,"flaky":false},"stage":"finished","steps":[],"attachments":[],"parameters":[],"start":1759546501601,"stop":1759546503777},{"name":"Then  login butonuna tıklar","status":"passed","statusDetails":{"known":false,"muted":false,"flaky":false},"stage":"finished","steps":[],"attachments":[],"parameters":[],"start":1759546503777,"stop":1759546505822},{"name":"And  Kullanıcı uyarı mesajini görüntüler negatif login testi başarılı","status":"passed","statusDetails":{"known":false,"muted":false,"flaky":false},"stage":"finished","steps":[],"attachments":[],"parameters":[],"start":1759546505822,"stop":1759546505823},{"name":"When  Kullanıcı Password textbox'ına geçersiz uzunlukta data girer","status":"passed","statusDetails":{"known":false,"muted":false,"flaky":false},"stage":"finished","steps":[],"attachments":[],"parameters":[],"start":1759546505824,"stop":1759546508160},{"name":"Then  login butonuna tıklar","status":"passed","statusDetails":{"known":false,"muted":false,"flaky":false},"stage":"finished","steps":[],"attachments":[],"parameters":[],"start":1759546508161,"stop":1759546510851},{"name":"And  Kullanıcı uyarı mesajini görüntüler negatif login testi başarılı","status":"passed","statusDetails":{"known":false,"muted":false,"flaky":false},"stage":"finished","steps":[],"attachments":[],"parameters":[],"start":1759546510851,"stop":1759546510852},{"name":"And  Kullanici Email textbox'ına geçerli E-posta Password textbox'ına geçerli şifre girer","status":"passed","statusDetails":{"known":false,"muted":false,"flaky":false},"stage":"finished","steps":[],"attachments":[],"parameters":[],"start":1759546510852,"stop":1759546513199},{"name":"Then  login butonuna tıklar","status":"passed","statusDetails":{"known":false,"muted":false,"flaky":false},"stage":"finished","steps":[],"attachments":[],"parameters":[],"start":1759546513200,"stop":1759546516875},{"name":"And  Kullanıcı sitenin Dashboard sayfasına erişir.","status":"passed","statusDetails":{"known":false,"muted":false,"flaky":false},"stage":"finished","steps":[],"attachments":[],"parameters":[],"start":1759546516876,"stop":1759546518899},{"name":"Then  Kullanici Courses linkine tıklar kurslar sayfasın yönlenir","status":"passed","statusDetails":{"known":false,"muted":false,"flaky":false},"stage":"finished","steps":[],"attachments":[],"parameters":[],"start":1759546518900,"stop":1759546521081},{"name":"Then  Kullanici Search text box'ında arama yapar","status":"passed","statusDetails":{"known":false,"muted":false,"flaky":false},"stage":"finished","steps":[],"attachments":[],"parameters":[],"start":1759546521082,"stop":1759546524215},{"name":"Then  Kullanici aradığı kurs linkine tıklar","status":"passed","statusDetails":{"known":false,"muted":false,"flaky":false},"stage":"finished","steps":[],"attachments":[],"parameters":[],"start":1759546524216,"stop":1759546529377},{"name":"Then  Kullanici Buy Now butonuna tıklar","status":"broken","statusDetails":{"known":false,"muted":false,"flaky":false,"message":"invalid selector: The result of the xpath expression \"//*[@id=\"app\"]/section[2]/div/div[2]/div[1]/div[2]/form/div[3]/button[2]/text()\" is: [object Text]. It should be an element.\n  (Session info: chrome=140.0.7339.208)\nFor documentation on this error, please visit: https://www.selenium.dev/documentation/webdriver/troubleshooting/errors#invalid-selector-exception\nBuild info: version: '4.14.0', revision: 'e5a96349ce'\nSystem info: os.name: 'Windows 10', os.arch: 'amd64', os.version: '10.0', java.version: '23.0.2'\nDriver info: org.openqa.selenium.chrome.ChromeDriver\nCommand: [fde335dfb46f9f27f1d643630bbb8235, findElement {using=xpath, value=//*[@id=\"app\"]/section[2]/div/div[2]/div[1]/div[2]/form/div[3]/button[2]/text()}]\nCapabilities {acceptInsecureCerts: false, browserName: chrome, browserVersion: 140.0.7339.208, chrome: {chromedriverVersion: 140.0.7339.207 (17230b545fd..., userDataDir: C:\\Users\\X\\AppData\\Local\\Te...}, fedcm:accounts: true, goog:chromeOptions: {debuggerAddress: localhost:63381}, networkConnectionEnabled: false, pageLoadStrategy: normal, platformName: windows, proxy: Proxy(), se:cdp: ws://localhost:63381/devtoo..., se:cdpVersion: 140.0.7339.208, setWindowRect: true, strictFileInteractability: false, timeouts: {implicit: 0, pageLoad: 300000, script: 30000}, unhandledPromptBehavior: dismiss and notify, webauthn:extension:credBlob: true, webauthn:extension:largeBlob: true, webauthn:extension:minPinLength: true, webauthn:extension:prf: true, webauthn:virtualAuthenticators: true}\nSession ID: fde335dfb46f9f27f1d643630bbb8235","trace":"org.openqa.selenium.InvalidSelectorException: invalid selector: The result of the xpath expression \"//*[@id=\"app\"]/section[2]/div/div[2]/div[1]/div[2]/form/div[3]/button[2]/text()\" is: [object Text]. It should be an element.\n  (Session info: chrome=140.0.7339.208)\nFor documentation on this error, please visit: https://www.selenium.dev/documentation/webdriver/troubleshooting/errors#invalid-selector-exception\nBuild info: version: '4.14.0', revision: 'e5a96349ce'\nSystem info: os.name: 'Windows 10', os.arch: 'amd64', os.version: '10.0', java.version: '23.0.2'\nDriver info: org.openqa.selenium.chrome.ChromeDriver\nCommand: [fde335dfb46f9f27f1d643630bbb8235, findElement {using=xpath, value=//*[@id=\"app\"]/section[2]/div/div[2]/div[1]/div[2]/form/div[3]/button[2]/text()}]\nCapabilities {acceptInsecureCerts: false, browserName: chrome, browserVersion: 140.0.7339.208, chrome: {chromedriverVersion: 140.0.7339.207 (17230b545fd..., userDataDir: C:\\Users\\X\\AppData\\Local\\Te...}, fedcm:accounts: true, goog:chromeOptions: {debuggerAddress: localhost:63381}, networkConnectionEnabled: false, pageLoadStrategy: normal, platformName: windows, proxy: Proxy(), se:cdp: ws://localhost:63381/devtoo..., se:cdpVersion: 140.0.7339.208, setWindowRect: true, strictFileInteractability: false, timeouts: {implicit: 0, pageLoad: 300000, script: 30000}, unhandledPromptBehavior: dismiss and notify, webauthn:extension:credBlob: true, webauthn:extension:largeBlob: true, webauthn:extension:minPinLength: true, webauthn:extension:prf: true, webauthn:virtualAuthenticators: true}\nSession ID: fde335dfb46f9f27f1d643630bbb8235\r\n\tat java.base/jdk.internal.reflect.DirectConstructorHandleAccessor.newInstance(DirectConstructorHandleAccessor.java:62)\r\n\tat java.base/java.lang.reflect.Constructor.newInstanceWithCaller(Constructor.java:501)\r\n\tat java.base/java.lang.reflect.Constructor.newInstance(Constructor.java:485)\r\n\tat org.openqa.selenium.remote.codec.w3c.W3CHttpResponseCodec.createException(W3CHttpResponseCodec.java:200)\r\n\tat org.openqa.selenium.remote.codec.w3c.W3CHttpResponseCodec.decode(W3CHttpResponseCodec.java:133)\r\n\tat org.openqa.selenium.remote.codec.w3c.W3CHttpResponseCodec.decode(W3CHttpResponseCodec.java:52)\r\n\tat org.openqa.selenium.remote.HttpCommandExecutor.execute(HttpCommandExecutor.java:191)\r\n\tat org.openqa.selenium.remote.service.DriverCommandExecutor.invokeExecute(DriverCommandExecutor.java:196)\r\n\tat org.openqa.selenium.remote.service.DriverCommandExecutor.execute(DriverCommandExecutor.java:171)\r\n\tat org.openqa.selenium.remote.RemoteWebDriver.execute(RemoteWebDriver.java:602)\r\n\tat org.openqa.selenium.remote.ElementLocation$ElementFinder$2.findElement(ElementLocation.java:165)\r\n\tat org.openqa.selenium.remote.ElementLocation.findElement(ElementLocation.java:59)\r\n\tat org.openqa.selenium.remote.RemoteWebDriver.findElement(RemoteWebDriver.java:359)\r\n\tat org.openqa.selenium.remote.RemoteWebDriver.findElement(RemoteWebDriver.java:353)\r\n\tat org.openqa.selenium.support.pagefactory.DefaultElementLocator.findElement(DefaultElementLocator.java:68)\r\n\tat org.openqa.selenium.support.pagefactory.internal.LocatingElementHandler.invoke(LocatingElementHandler.java:38)\r\n\tat jdk.proxy2/jdk.proxy2.$Proxy37.getWrappedElement(Unknown Source)\r\n\tat org.openqa.selenium.remote.internal.WebElementToJsonConverter.apply(WebElementToJsonConverter.java:51)\r\n\tat java.base/java.util.stream.ReferencePipeline$3$1.accept(ReferencePipeline.java:215)\r\n\tat java.base/java.util.Spliterators$ArraySpliterator.forEachRemaining(Spliterators.java:1024)\r\n\tat java.base/java.util.stream.AbstractPipeline.copyInto(AbstractPipeline.java:570)\r\n\tat java.base/java.util.stream.AbstractPipeline.wrapAndCopyInto(AbstractPipeline.java:560)\r\n\tat java.base/java.util.stream.ReduceOps$ReduceOp.evaluateSequential(ReduceOps.java:921)\r\n\tat java.base/java.util.stream.AbstractPipeline.evaluate(AbstractPipeline.java:265)\r\n\tat java.base/java.util.stream.ReferencePipeline.collect(ReferencePipeline.java:727)\r\n\tat org.openqa.selenium.remote.RemoteWebDriver.executeScript(RemoteWebDriver.java:465)\r\n\tat utilities.JSUtilities.scrollToElement(JSUtilities.java:14)\r\n\tat stepdefinitions.DemoSteps.scroll(DemoSteps.java:20)\r\n\tat stepdefinitions.DemoSteps.kullanici_buy_now_butonuna_tıklar(DemoSteps.java:503)\r\n\tat ✽.Kullanici Buy Now butonuna tıklar(file:///C:/Users/X/IdeaProjects/Proje_Demo/src/test/resources/features/IkinciSenaryo.feature:30)\r\n"},"stage":"finished","steps":[],"attachments":[],"parameters":[],"start":1759546529378,"stop":1759546529428},{"name":"And  Kullanıcı ödeme yöntemini seçer.","status":"skipped","statusDetails":{"known":false,"muted":false,"flaky":false},"stage":"finished","steps":[],"attachments":[],"parameters":[],"start":1759546529431,"stop":1759546529433},{"name":"And  Kullanıcı Start Payment butonuna tıklar.","status":"skipped","statusDetails":{"known":false,"muted":false,"flaky":false},"stage":"finished","steps":[],"attachments":[],"parameters":[],"start":1759546529433,"stop":1759546529434},{"name":"Given  kullanıcı ödeme sayfasına yönlenir","status":"skipped","statusDetails":{"known":false,"muted":false,"flaky":false},"stage":"finished","steps":[],"attachments":[],"parameters":[],"start":1759546529435,"stop":1759546529436},{"name":"And  kullanıcı ödeme formuna data girmez","status":"skipped","statusDetails":{"known":false,"muted":false,"flaky":false},"stage":"finished","steps":[],"attachments":[],"parameters":[],"start":1759546529436,"stop":1759546529436},{"name":"And  Kullanıcı Payment butonuna tıklar","status":"skipped","statusDetails":{"known":false,"muted":false,"flaky":false},"stage":"finished","steps":[],"attachments":[],"parameters":[],"start":1759546529437,"stop":1759546529437},{"name":"Then  Kullanıcı uyarı mesajını görüntüler negatif ödeme testi başarılı","status":"skipped","statusDetails":{"known":false,"muted":false,"flaky":false},"stage":"finished","steps":[],"attachments":[],"parameters":[],"start":1759546529437,"stop":1759546529438},{"name":"When  Kullanici Geçersiz e-posta girer","status":"skipped","statusDetails":{"known":false,"muted":false,"flaky":false},"stage":"finished","steps":[],"attachments":[],"parameters":[],"start":1759546529438,"stop":1759546529439},{"name":"And  Kullanıcı Payment butonuna tıklar","status":"skipped","statusDetails":{"known":false,"muted":false,"flaky":false},"stage":"finished","steps":[],"attachments":[],"parameters":[],"start":1759546529439,"stop":1759546529440},{"name":"Then  Kullanıcı uyarı mesajını görüntüler negatif ödeme testi başarılı","status":"skipped","statusDetails":{"known":false,"muted":false,"flaky":false},"stage":"finished","steps":[],"attachments":[],"parameters":[],"start":1759546529440,"stop":1759546529440},{"name":"When  kullanıcı Eksik kart numarası girer","status":"skipped","statusDetails":{"known":false,"muted":false,"flaky":false},"stage":"finished","steps":[],"attachments":[],"parameters":[],"start":1759546529441,"stop":1759546529441},{"name":"And  Kullanıcı Payment butonuna tıklar","status":"skipped","statusDetails":{"known":false,"muted":false,"flaky":false},"stage":"finished","steps":[],"attachments":[],"parameters":[],"start":1759546529442,"stop":1759546529442},{"name":"Then  Kullanıcı uyarı mesajını görüntüler negatif ödeme testi başarılı","status":"skipped","statusDetails":{"known":false,"muted":false,"flaky":false},"stage":"finished","steps":[],"attachments":[],"parameters":[],"start":1759546529442,"stop":1759546529443},{"name":"And  Kullanıcı son kullanımı tarihi dolmuş kart bilgisi girer","status":"skipped","statusDetails":{"known":false,"muted":false,"flaky":false},"stage":"finished","steps":[],"attachments":[],"parameters":[],"start":1759546529443,"stop":1759546529444},{"name":"And  Kullanıcı Payment butonuna tıklar","status":"skipped","statusDetails":{"known":false,"muted":false,"flaky":false},"stage":"finished","steps":[],"attachments":[],"parameters":[],"start":1759546529444,"stop":1759546529445},{"name":"Then  Kullanıcı uyarı mesajını görüntüler negatif ödeme testi başarılı","status":"skipped","statusDetails":{"known":false,"muted":false,"flaky":false},"stage":"finished","steps":[],"attachments":[],"parameters":[],"start":1759546529445,"stop":1759546529446},{"name":"And  Kullanıcı tüm alanları geçerli bilgileri girer.","status":"skipped","statusDetails":{"known":false,"muted":false,"flaky":false},"stage":"finished","steps":[],"attachments":[],"parameters":[],"start":1759546529447,"stop":1759546529447},{"name":"And  Kullanıcı Payment butonuna tıklar","status":"skipped","statusDetails":{"known":false,"muted":false,"flaky":false},"stage":"finished","steps":[],"attachments":[],"parameters":[],"start":1759546529448,"stop":1759546529448},{"name":"Then  Kullanıcı ödeme yapıldığını görüntüler.","status":"skipped","statusDetails":{"known":false,"muted":false,"flaky":false},"stage":"finished","steps":[],"attachments":[],"parameters":[],"start":1759546529449,"stop":1759546529449},{"name":"When  Kullanıcı My Panel düğmesine tıklar.","status":"skipped","statusDetails":{"known":false,"muted":false,"flaky":false},"stage":"finished","steps":[],"attachments":[],"parameters":[],"start":1759546529450,"stop":1759546529450},{"name":"And  Kullanıcı sitenin Dashboard sayfasına erişir.","status":"skipped","statusDetails":{"known":false,"muted":false,"flaky":false},"stage":"finished","steps":[],"attachments":[],"parameters":[],"start":1759546529451,"stop":1759546529451},{"name":"And  Kullanıcı çıkış yapar.","status":"skipped","statusDetails":{"known":false,"muted":false,"flaky":false},"stage":"finished","steps":[],"attachments":[],"parameters":[],"start":1759546529452,"stop":1759546529452}],"attachments":[],"parameters":[],"start":1759546463634,"stop":1759546530447}