{"uuid":"915fe35c-ad65-40ce-84d9-220a88f217e5","historyId":"e14d1d61367d3b37ab59340e84aed511","fullName":"src/test/resources/features/IkinciSenaryo.feature:3","labels":[{"name":"tag","value":"evet"},{"name":"host","value":"ONUR"},{"name":"thread","value":"7756@ONUR.main(1)"},{"name":"feature","value":""},{"name":"story","value":"Eğitmen geçerli datalarla login olup, ödeme bölümünde geçerli datalarla ödeme yapıp kurs satın alabilmeli"},{"name":"suite","value":""},{"name":"testClass","value":"Eğitmen geçerli datalarla login olup, ödeme bölümünde geçerli datalarla ödeme yapıp kurs satın alabilmeli"},{"name":"framework","value":"cucumber4jvm"},{"name":"language","value":"java"},{"name":"gherkin_uri","value":"file:///C:/Users/X/IdeaProjects/Proje_Demo/src/test/resources/features/IkinciSenaryo.feature"},{"name":"package","value":"src.test.resources.features.IkinciSenaryo_feature"}],"links":[],"name":"Eğitmen geçerli datalarla login olup, ödeme bölümünde geçerli datalarla ödeme yapıp kurs satın alabilmeli","status":"broken","statusDetails":{"known":false,"muted":false,"flaky":false,"message":"no such element: Unable to locate element: {\"method\":\"xpath\",\"selector\":\"//*[@id=\"app\"]/section[2]/div/div[2]/div[1]/div[2]/form/div[3]/button[2]\"}\n  (Session info: chrome=140.0.7339.208)\nFor documentation on this error, please visit: https://www.selenium.dev/documentation/webdriver/troubleshooting/errors#no-such-element-exception\nBuild info: version: '4.14.0', revision: 'e5a96349ce'\nSystem info: os.name: 'Windows 10', os.arch: 'amd64', os.version: '10.0', java.version: '23.0.2'\nDriver info: org.openqa.selenium.chrome.ChromeDriver\nCommand: [e12dea2c053b74e4ff6cae6d66932f7b, findElement {using=xpath, value=//*[@id=\"app\"]/section[2]/div/div[2]/div[1]/div[2]/form/div[3]/button[2]}]\nCapabilities {acceptInsecureCerts: false, browserName: chrome, browserVersion: 140.0.7339.208, chrome: {chromedriverVersion: 140.0.7339.207 (17230b545fd..., userDataDir: C:\\Users\\X\\AppData\\Local\\Te...}, fedcm:accounts: true, goog:chromeOptions: {debuggerAddress: localhost:65519}, networkConnectionEnabled: false, pageLoadStrategy: normal, platformName: windows, proxy: Proxy(), se:cdp: ws://localhost:65519/devtoo..., se:cdpVersion: 140.0.7339.208, setWindowRect: true, strictFileInteractability: false, timeouts: {implicit: 0, pageLoad: 300000, script: 30000}, unhandledPromptBehavior: dismiss and notify, webauthn:extension:credBlob: true, webauthn:extension:largeBlob: true, webauthn:extension:minPinLength: true, webauthn:extension:prf: true, webauthn:virtualAuthenticators: true}\nSession ID: e12dea2c053b74e4ff6cae6d66932f7b","trace":"org.openqa.selenium.NoSuchElementException: no such element: Unable to locate element: {\"method\":\"xpath\",\"selector\":\"//*[@id=\"app\"]/section[2]/div/div[2]/div[1]/div[2]/form/div[3]/button[2]\"}\n  (Session info: chrome=140.0.7339.208)\nFor documentation on this error, please visit: https://www.selenium.dev/documentation/webdriver/troubleshooting/errors#no-such-element-exception\nBuild info: version: '4.14.0', revision: 'e5a96349ce'\nSystem info: os.name: 'Windows 10', os.arch: 'amd64', os.version: '10.0', java.version: '23.0.2'\nDriver info: org.openqa.selenium.chrome.ChromeDriver\nCommand: [e12dea2c053b74e4ff6cae6d66932f7b, findElement {using=xpath, value=//*[@id=\"app\"]/section[2]/div/div[2]/div[1]/div[2]/form/div[3]/button[2]}]\nCapabilities {acceptInsecureCerts: false, browserName: chrome, browserVersion: 140.0.7339.208, chrome: {chromedriverVersion: 140.0.7339.207 (17230b545fd..., userDataDir: C:\\Users\\X\\AppData\\Local\\Te...}, fedcm:accounts: true, goog:chromeOptions: {debuggerAddress: localhost:65519}, networkConnectionEnabled: false, pageLoadStrategy: normal, platformName: windows, proxy: Proxy(), se:cdp: ws://localhost:65519/devtoo..., se:cdpVersion: 140.0.7339.208, setWindowRect: true, strictFileInteractability: false, timeouts: {implicit: 0, pageLoad: 300000, script: 30000}, unhandledPromptBehavior: dismiss and notify, webauthn:extension:credBlob: true, webauthn:extension:largeBlob: true, webauthn:extension:minPinLength: true, webauthn:extension:prf: true, webauthn:virtualAuthenticators: true}\nSession ID: e12dea2c053b74e4ff6cae6d66932f7b\r\n\tat java.base/jdk.internal.reflect.DirectConstructorHandleAccessor.newInstance(DirectConstructorHandleAccessor.java:62)\r\n\tat java.base/java.lang.reflect.Constructor.newInstanceWithCaller(Constructor.java:501)\r\n\tat java.base/java.lang.reflect.Constructor.newInstance(Constructor.java:485)\r\n\tat org.openqa.selenium.remote.codec.w3c.W3CHttpResponseCodec.createException(W3CHttpResponseCodec.java:200)\r\n\tat org.openqa.selenium.remote.codec.w3c.W3CHttpResponseCodec.decode(W3CHttpResponseCodec.java:133)\r\n\tat org.openqa.selenium.remote.codec.w3c.W3CHttpResponseCodec.decode(W3CHttpResponseCodec.java:52)\r\n\tat org.openqa.selenium.remote.HttpCommandExecutor.execute(HttpCommandExecutor.java:191)\r\n\tat org.openqa.selenium.remote.service.DriverCommandExecutor.invokeExecute(DriverCommandExecutor.java:196)\r\n\tat org.openqa.selenium.remote.service.DriverCommandExecutor.execute(DriverCommandExecutor.java:171)\r\n\tat org.openqa.selenium.remote.RemoteWebDriver.execute(RemoteWebDriver.java:602)\r\n\tat org.openqa.selenium.remote.ElementLocation$ElementFinder$2.findElement(ElementLocation.java:165)\r\n\tat org.openqa.selenium.remote.ElementLocation.findElement(ElementLocation.java:59)\r\n\tat org.openqa.selenium.remote.RemoteWebDriver.findElement(RemoteWebDriver.java:359)\r\n\tat org.openqa.selenium.remote.RemoteWebDriver.findElement(RemoteWebDriver.java:353)\r\n\tat org.openqa.selenium.support.pagefactory.DefaultElementLocator.findElement(DefaultElementLocator.java:68)\r\n\tat org.openqa.selenium.support.pagefactory.internal.LocatingElementHandler.invoke(LocatingElementHandler.java:38)\r\n\tat jdk.proxy2/jdk.proxy2.$Proxy37.getWrappedElement(Unknown Source)\r\n\tat org.openqa.selenium.remote.internal.WebElementToJsonConverter.apply(WebElementToJsonConverter.java:51)\r\n\tat java.base/java.util.stream.ReferencePipeline$3$1.accept(ReferencePipeline.java:215)\r\n\tat java.base/java.util.Spliterators$ArraySpliterator.forEachRemaining(Spliterators.java:1024)\r\n\tat java.base/java.util.stream.AbstractPipeline.copyInto(AbstractPipeline.java:570)\r\n\tat java.base/java.util.stream.AbstractPipeline.wrapAndCopyInto(AbstractPipeline.java:560)\r\n\tat java.base/java.util.stream.ReduceOps$ReduceOp.evaluateSequential(ReduceOps.java:921)\r\n\tat java.base/java.util.stream.AbstractPipeline.evaluate(AbstractPipeline.java:265)\r\n\tat java.base/java.util.stream.ReferencePipeline.collect(ReferencePipeline.java:727)\r\n\tat org.openqa.selenium.remote.RemoteWebDriver.executeScript(RemoteWebDriver.java:465)\r\n\tat stepdefinitions.DemoSteps.execute(DemoSteps.java:24)\r\n\tat stepdefinitions.DemoSteps.kullanici_buy_now_butonuna_tıklar(DemoSteps.java:504)\r\n\tat ✽.Kullanici Buy Now butonuna tıklar(file:///C:/Users/X/IdeaProjects/Proje_Demo/src/test/resources/features/IkinciSenaryo.feature:30)\r\n"},"stage":"finished","steps":[{"name":"Given  İlgili URL ile ana sayfaya ulaşır.","status":"passed","statusDetails":{"known":false,"muted":false,"flaky":false},"stage":"finished","steps":[],"attachments":[],"parameters":[],"start":1759548183859,"stop":1759548192920},{"name":"And  Kullanici Login linkine tıklar","status":"passed","statusDetails":{"known":false,"muted":false,"flaky":false},"stage":"finished","steps":[],"attachments":[],"parameters":[],"start":1759548192922,"stop":1759548194151},{"name":"And  Kullanici Email ve Password text box larına data girmez","status":"passed","statusDetails":{"known":false,"muted":false,"flaky":false},"stage":"finished","steps":[],"attachments":[],"parameters":[],"start":1759548194151,"stop":1759548194154},{"name":"Then  login butonuna tıklar","status":"passed","statusDetails":{"known":false,"muted":false,"flaky":false},"stage":"finished","steps":[],"attachments":[],"parameters":[],"start":1759548194154,"stop":1759548197200},{"name":"And  Kullanıcı uyarı mesajini görüntüler negatif login testi başarılı","status":"passed","statusDetails":{"known":false,"muted":false,"flaky":false},"stage":"finished","steps":[],"attachments":[],"parameters":[],"start":1759548197200,"stop":1759548197201},{"name":"And  Kullanici Email ve Password text box larına geçersiz data girer","status":"passed","statusDetails":{"known":false,"muted":false,"flaky":false},"stage":"finished","steps":[],"attachments":[],"parameters":[],"start":1759548197201,"stop":1759548201415},{"name":"Then  login butonuna tıklar","status":"passed","statusDetails":{"known":false,"muted":false,"flaky":false},"stage":"finished","steps":[],"attachments":[],"parameters":[],"start":1759548201415,"stop":1759548204109},{"name":"And  Kullanıcı uyarı mesajini görüntüler negatif login testi başarılı","status":"passed","statusDetails":{"known":false,"muted":false,"flaky":false},"stage":"finished","steps":[],"attachments":[],"parameters":[],"start":1759548204109,"stop":1759548204113},{"name":"When  Kullanıcı Email textbox'ına geçerli E-posta Password text box'ına geçersiz şifre girer","status":"passed","statusDetails":{"known":false,"muted":false,"flaky":false},"stage":"finished","steps":[],"attachments":[],"parameters":[],"start":1759548204114,"stop":1759548208469},{"name":"Then  login butonuna tıklar","status":"passed","statusDetails":{"known":false,"muted":false,"flaky":false},"stage":"finished","steps":[],"attachments":[],"parameters":[],"start":1759548208469,"stop":1759548211284},{"name":"And  Kullanıcı uyarı mesajini görüntüler negatif login testi başarılı","status":"passed","statusDetails":{"known":false,"muted":false,"flaky":false},"stage":"finished","steps":[],"attachments":[],"parameters":[],"start":1759548211284,"stop":1759548211285},{"name":"When  Kullanıcı Email textbox'ına geçersiz E-posta Password text box'ına geçerli şifre girer","status":"passed","statusDetails":{"known":false,"muted":false,"flaky":false},"stage":"finished","steps":[],"attachments":[],"parameters":[],"start":1759548211286,"stop":1759548215682},{"name":"Then  login butonuna tıklar","status":"passed","statusDetails":{"known":false,"muted":false,"flaky":false},"stage":"finished","steps":[],"attachments":[],"parameters":[],"start":1759548215682,"stop":1759548218311},{"name":"And  Kullanıcı uyarı mesajini görüntüler negatif login testi başarılı","status":"passed","statusDetails":{"known":false,"muted":false,"flaky":false},"stage":"finished","steps":[],"attachments":[],"parameters":[],"start":1759548218311,"stop":1759548218312},{"name":"When  Kullanıcı Email textbox'ına geçersiz formatta data girer","status":"passed","statusDetails":{"known":false,"muted":false,"flaky":false},"stage":"finished","steps":[],"attachments":[],"parameters":[],"start":1759548218312,"stop":1759548220476},{"name":"Then  login butonuna tıklar","status":"passed","statusDetails":{"known":false,"muted":false,"flaky":false},"stage":"finished","steps":[],"attachments":[],"parameters":[],"start":1759548220476,"stop":1759548222515},{"name":"And  Kullanıcı uyarı mesajini görüntüler negatif login testi başarılı","status":"passed","statusDetails":{"known":false,"muted":false,"flaky":false},"stage":"finished","steps":[],"attachments":[],"parameters":[],"start":1759548222515,"stop":1759548222516},{"name":"When  Kullanıcı Password textbox'ına geçersiz uzunlukta data girer","status":"passed","statusDetails":{"known":false,"muted":false,"flaky":false},"stage":"finished","steps":[],"attachments":[],"parameters":[],"start":1759548222517,"stop":1759548224825},{"name":"Then  login butonuna tıklar","status":"passed","statusDetails":{"known":false,"muted":false,"flaky":false},"stage":"finished","steps":[],"attachments":[],"parameters":[],"start":1759548224825,"stop":1759548227466},{"name":"And  Kullanıcı uyarı mesajini görüntüler negatif login testi başarılı","status":"passed","statusDetails":{"known":false,"muted":false,"flaky":false},"stage":"finished","steps":[],"attachments":[],"parameters":[],"start":1759548227466,"stop":1759548227467},{"name":"And  Kullanici Email textbox'ına geçerli E-posta Password textbox'ına geçerli şifre girer","status":"passed","statusDetails":{"known":false,"muted":false,"flaky":false},"stage":"finished","steps":[],"attachments":[],"parameters":[],"start":1759548227467,"stop":1759548229865},{"name":"Then  login butonuna tıklar","status":"passed","statusDetails":{"known":false,"muted":false,"flaky":false},"stage":"finished","steps":[],"attachments":[],"parameters":[],"start":1759548229866,"stop":1759548232959},{"name":"And  Kullanıcı sitenin Dashboard sayfasına erişir.","status":"passed","statusDetails":{"known":false,"muted":false,"flaky":false},"stage":"finished","steps":[],"attachments":[],"parameters":[],"start":1759548232959,"stop":1759548234983},{"name":"Then  Kullanici Courses linkine tıklar kurslar sayfasın yönlenir","status":"passed","statusDetails":{"known":false,"muted":false,"flaky":false},"stage":"finished","steps":[],"attachments":[],"parameters":[],"start":1759548234984,"stop":1759548237135},{"name":"Then  Kullanici Search text box'ında arama yapar","status":"passed","statusDetails":{"known":false,"muted":false,"flaky":false},"stage":"finished","steps":[],"attachments":[],"parameters":[],"start":1759548237136,"stop":1759548240359},{"name":"Then  Kullanici aradığı kurs linkine tıklar","status":"passed","statusDetails":{"known":false,"muted":false,"flaky":false},"stage":"finished","steps":[],"attachments":[],"parameters":[],"start":1759548240359,"stop":1759548244712},{"name":"Then  Kullanici Buy Now butonuna tıklar","status":"broken","statusDetails":{"known":false,"muted":false,"flaky":false,"message":"no such element: Unable to locate element: {\"method\":\"xpath\",\"selector\":\"//*[@id=\"app\"]/section[2]/div/div[2]/div[1]/div[2]/form/div[3]/button[2]\"}\n  (Session info: chrome=140.0.7339.208)\nFor documentation on this error, please visit: https://www.selenium.dev/documentation/webdriver/troubleshooting/errors#no-such-element-exception\nBuild info: version: '4.14.0', revision: 'e5a96349ce'\nSystem info: os.name: 'Windows 10', os.arch: 'amd64', os.version: '10.0', java.version: '23.0.2'\nDriver info: org.openqa.selenium.chrome.ChromeDriver\nCommand: [e12dea2c053b74e4ff6cae6d66932f7b, findElement {using=xpath, value=//*[@id=\"app\"]/section[2]/div/div[2]/div[1]/div[2]/form/div[3]/button[2]}]\nCapabilities {acceptInsecureCerts: false, browserName: chrome, browserVersion: 140.0.7339.208, chrome: {chromedriverVersion: 140.0.7339.207 (17230b545fd..., userDataDir: C:\\Users\\X\\AppData\\Local\\Te...}, fedcm:accounts: true, goog:chromeOptions: {debuggerAddress: localhost:65519}, networkConnectionEnabled: false, pageLoadStrategy: normal, platformName: windows, proxy: Proxy(), se:cdp: ws://localhost:65519/devtoo..., se:cdpVersion: 140.0.7339.208, setWindowRect: true, strictFileInteractability: false, timeouts: {implicit: 0, pageLoad: 300000, script: 30000}, unhandledPromptBehavior: dismiss and notify, webauthn:extension:credBlob: true, webauthn:extension:largeBlob: true, webauthn:extension:minPinLength: true, webauthn:extension:prf: true, webauthn:virtualAuthenticators: true}\nSession ID: e12dea2c053b74e4ff6cae6d66932f7b","trace":"org.openqa.selenium.NoSuchElementException: no such element: Unable to locate element: {\"method\":\"xpath\",\"selector\":\"//*[@id=\"app\"]/section[2]/div/div[2]/div[1]/div[2]/form/div[3]/button[2]\"}\n  (Session info: chrome=140.0.7339.208)\nFor documentation on this error, please visit: https://www.selenium.dev/documentation/webdriver/troubleshooting/errors#no-such-element-exception\nBuild info: version: '4.14.0', revision: 'e5a96349ce'\nSystem info: os.name: 'Windows 10', os.arch: 'amd64', os.version: '10.0', java.version: '23.0.2'\nDriver info: org.openqa.selenium.chrome.ChromeDriver\nCommand: [e12dea2c053b74e4ff6cae6d66932f7b, findElement {using=xpath, value=//*[@id=\"app\"]/section[2]/div/div[2]/div[1]/div[2]/form/div[3]/button[2]}]\nCapabilities {acceptInsecureCerts: false, browserName: chrome, browserVersion: 140.0.7339.208, chrome: {chromedriverVersion: 140.0.7339.207 (17230b545fd..., userDataDir: C:\\Users\\X\\AppData\\Local\\Te...}, fedcm:accounts: true, goog:chromeOptions: {debuggerAddress: localhost:65519}, networkConnectionEnabled: false, pageLoadStrategy: normal, platformName: windows, proxy: Proxy(), se:cdp: ws://localhost:65519/devtoo..., se:cdpVersion: 140.0.7339.208, setWindowRect: true, strictFileInteractability: false, timeouts: {implicit: 0, pageLoad: 300000, script: 30000}, unhandledPromptBehavior: dismiss and notify, webauthn:extension:credBlob: true, webauthn:extension:largeBlob: true, webauthn:extension:minPinLength: true, webauthn:extension:prf: true, webauthn:virtualAuthenticators: true}\nSession ID: e12dea2c053b74e4ff6cae6d66932f7b\r\n\tat java.base/jdk.internal.reflect.DirectConstructorHandleAccessor.newInstance(DirectConstructorHandleAccessor.java:62)\r\n\tat java.base/java.lang.reflect.Constructor.newInstanceWithCaller(Constructor.java:501)\r\n\tat java.base/java.lang.reflect.Constructor.newInstance(Constructor.java:485)\r\n\tat org.openqa.selenium.remote.codec.w3c.W3CHttpResponseCodec.createException(W3CHttpResponseCodec.java:200)\r\n\tat org.openqa.selenium.remote.codec.w3c.W3CHttpResponseCodec.decode(W3CHttpResponseCodec.java:133)\r\n\tat org.openqa.selenium.remote.codec.w3c.W3CHttpResponseCodec.decode(W3CHttpResponseCodec.java:52)\r\n\tat org.openqa.selenium.remote.HttpCommandExecutor.execute(HttpCommandExecutor.java:191)\r\n\tat org.openqa.selenium.remote.service.DriverCommandExecutor.invokeExecute(DriverCommandExecutor.java:196)\r\n\tat org.openqa.selenium.remote.service.DriverCommandExecutor.execute(DriverCommandExecutor.java:171)\r\n\tat org.openqa.selenium.remote.RemoteWebDriver.execute(RemoteWebDriver.java:602)\r\n\tat org.openqa.selenium.remote.ElementLocation$ElementFinder$2.findElement(ElementLocation.java:165)\r\n\tat org.openqa.selenium.remote.ElementLocation.findElement(ElementLocation.java:59)\r\n\tat org.openqa.selenium.remote.RemoteWebDriver.findElement(RemoteWebDriver.java:359)\r\n\tat org.openqa.selenium.remote.RemoteWebDriver.findElement(RemoteWebDriver.java:353)\r\n\tat org.openqa.selenium.support.pagefactory.DefaultElementLocator.findElement(DefaultElementLocator.java:68)\r\n\tat org.openqa.selenium.support.pagefactory.internal.LocatingElementHandler.invoke(LocatingElementHandler.java:38)\r\n\tat jdk.proxy2/jdk.proxy2.$Proxy37.getWrappedElement(Unknown Source)\r\n\tat org.openqa.selenium.remote.internal.WebElementToJsonConverter.apply(WebElementToJsonConverter.java:51)\r\n\tat java.base/java.util.stream.ReferencePipeline$3$1.accept(ReferencePipeline.java:215)\r\n\tat java.base/java.util.Spliterators$ArraySpliterator.forEachRemaining(Spliterators.java:1024)\r\n\tat java.base/java.util.stream.AbstractPipeline.copyInto(AbstractPipeline.java:570)\r\n\tat java.base/java.util.stream.AbstractPipeline.wrapAndCopyInto(AbstractPipeline.java:560)\r\n\tat java.base/java.util.stream.ReduceOps$ReduceOp.evaluateSequential(ReduceOps.java:921)\r\n\tat java.base/java.util.stream.AbstractPipeline.evaluate(AbstractPipeline.java:265)\r\n\tat java.base/java.util.stream.ReferencePipeline.collect(ReferencePipeline.java:727)\r\n\tat org.openqa.selenium.remote.RemoteWebDriver.executeScript(RemoteWebDriver.java:465)\r\n\tat stepdefinitions.DemoSteps.execute(DemoSteps.java:24)\r\n\tat stepdefinitions.DemoSteps.kullanici_buy_now_butonuna_tıklar(DemoSteps.java:504)\r\n\tat ✽.Kullanici Buy Now butonuna tıklar(file:///C:/Users/X/IdeaProjects/Proje_Demo/src/test/resources/features/IkinciSenaryo.feature:30)\r\n"},"stage":"finished","steps":[],"attachments":[],"parameters":[],"start":1759548244714,"stop":1759548259762},{"name":"And  Kullanıcı ödeme yöntemini seçer.","status":"skipped","statusDetails":{"known":false,"muted":false,"flaky":false},"stage":"finished","steps":[],"attachments":[],"parameters":[],"start":1759548259766,"stop":1759548259768},{"name":"And  Kullanıcı Start Payment butonuna tıklar.","status":"skipped","statusDetails":{"known":false,"muted":false,"flaky":false},"stage":"finished","steps":[],"attachments":[],"parameters":[],"start":1759548259768,"stop":1759548259770},{"name":"Given  kullanıcı ödeme sayfasına yönlenir","status":"skipped","statusDetails":{"known":false,"muted":false,"flaky":false},"stage":"finished","steps":[],"attachments":[],"parameters":[],"start":1759548259770,"stop":1759548259771},{"name":"And  kullanıcı ödeme formuna data girmez","status":"skipped","statusDetails":{"known":false,"muted":false,"flaky":false},"stage":"finished","steps":[],"attachments":[],"parameters":[],"start":1759548259772,"stop":1759548259772},{"name":"And  Kullanıcı Payment butonuna tıklar","status":"skipped","statusDetails":{"known":false,"muted":false,"flaky":false},"stage":"finished","steps":[],"attachments":[],"parameters":[],"start":1759548259773,"stop":1759548259774},{"name":"Then  Kullanıcı uyarı mesajını görüntüler negatif ödeme testi başarılı","status":"skipped","statusDetails":{"known":false,"muted":false,"flaky":false},"stage":"finished","steps":[],"attachments":[],"parameters":[],"start":1759548259774,"stop":1759548259775},{"name":"When  Kullanici Geçersiz e-posta girer","status":"skipped","statusDetails":{"known":false,"muted":false,"flaky":false},"stage":"finished","steps":[],"attachments":[],"parameters":[],"start":1759548259775,"stop":1759548259775},{"name":"And  Kullanıcı Payment butonuna tıklar","status":"skipped","statusDetails":{"known":false,"muted":false,"flaky":false},"stage":"finished","steps":[],"attachments":[],"parameters":[],"start":1759548259776,"stop":1759548259776},{"name":"Then  Kullanıcı uyarı mesajını görüntüler negatif ödeme testi başarılı","status":"skipped","statusDetails":{"known":false,"muted":false,"flaky":false},"stage":"finished","steps":[],"attachments":[],"parameters":[],"start":1759548259777,"stop":1759548259777},{"name":"When  kullanıcı Eksik kart numarası girer","status":"skipped","statusDetails":{"known":false,"muted":false,"flaky":false},"stage":"finished","steps":[],"attachments":[],"parameters":[],"start":1759548259778,"stop":1759548259779},{"name":"And  Kullanıcı Payment butonuna tıklar","status":"skipped","statusDetails":{"known":false,"muted":false,"flaky":false},"stage":"finished","steps":[],"attachments":[],"parameters":[],"start":1759548259779,"stop":1759548259780},{"name":"Then  Kullanıcı uyarı mesajını görüntüler negatif ödeme testi başarılı","status":"skipped","statusDetails":{"known":false,"muted":false,"flaky":false},"stage":"finished","steps":[],"attachments":[],"parameters":[],"start":1759548259780,"stop":1759548259782},{"name":"And  Kullanıcı son kullanımı tarihi dolmuş kart bilgisi girer","status":"skipped","statusDetails":{"known":false,"muted":false,"flaky":false},"stage":"finished","steps":[],"attachments":[],"parameters":[],"start":1759548259783,"stop":1759548259784},{"name":"And  Kullanıcı Payment butonuna tıklar","status":"skipped","statusDetails":{"known":false,"muted":false,"flaky":false},"stage":"finished","steps":[],"attachments":[],"parameters":[],"start":1759548259785,"stop":1759548259785},{"name":"Then  Kullanıcı uyarı mesajını görüntüler negatif ödeme testi başarılı","status":"skipped","statusDetails":{"known":false,"muted":false,"flaky":false},"stage":"finished","steps":[],"attachments":[],"parameters":[],"start":1759548259786,"stop":1759548259786},{"name":"And  Kullanıcı tüm alanları geçerli bilgileri girer.","status":"skipped","statusDetails":{"known":false,"muted":false,"flaky":false},"stage":"finished","steps":[],"attachments":[],"parameters":[],"start":1759548259787,"stop":1759548259788},{"name":"And  Kullanıcı Payment butonuna tıklar","status":"skipped","statusDetails":{"known":false,"muted":false,"flaky":false},"stage":"finished","steps":[],"attachments":[],"parameters":[],"start":1759548259788,"stop":1759548259790},{"name":"Then  Kullanıcı ödeme yapıldığını görüntüler.","status":"skipped","statusDetails":{"known":false,"muted":false,"flaky":false},"stage":"finished","steps":[],"attachments":[],"parameters":[],"start":1759548259790,"stop":1759548259791},{"name":"When  Kullanıcı My Panel düğmesine tıklar.","status":"skipped","statusDetails":{"known":false,"muted":false,"flaky":false},"stage":"finished","steps":[],"attachments":[],"parameters":[],"start":1759548259791,"stop":1759548259792},{"name":"And  Kullanıcı sitenin Dashboard sayfasına erişir.","status":"skipped","statusDetails":{"known":false,"muted":false,"flaky":false},"stage":"finished","steps":[],"attachments":[],"parameters":[],"start":1759548259793,"stop":1759548259793},{"name":"And  Kullanıcı çıkış yapar.","status":"skipped","statusDetails":{"known":false,"muted":false,"flaky":false},"stage":"finished","steps":[],"attachments":[],"parameters":[],"start":1759548259794,"stop":1759548259794}],"attachments":[],"parameters":[],"start":1759548181021,"stop":1759548261030}