{"uuid":"d4ce8c37-4a11-44f6-bba4-62f2411b234b","historyId":"e14d1d61367d3b37ab59340e84aed511","fullName":"src/test/resources/features/IkinciSenaryo.feature:3","labels":[{"name":"tag","value":"evet"},{"name":"host","value":"ONUR"},{"name":"thread","value":"14992@ONUR.main(1)"},{"name":"feature","value":""},{"name":"story","value":"Eğitmen geçerli datalarla login olup, ödeme bölümünde geçerli datalarla ödeme yapıp kurs satın alabilmeli"},{"name":"suite","value":""},{"name":"testClass","value":"Eğitmen geçerli datalarla login olup, ödeme bölümünde geçerli datalarla ödeme yapıp kurs satın alabilmeli"},{"name":"framework","value":"cucumber4jvm"},{"name":"language","value":"java"},{"name":"gherkin_uri","value":"file:///C:/Users/X/IdeaProjects/Proje_Demo/src/test/resources/features/IkinciSenaryo.feature"},{"name":"package","value":"src.test.resources.features.IkinciSenaryo_feature"}],"links":[],"name":"Eğitmen geçerli datalarla login olup, ödeme bölümünde geçerli datalarla ödeme yapıp kurs satın alabilmeli","status":"broken","statusDetails":{"known":false,"muted":false,"flaky":false,"message":"no such element: Unable to locate element: {\"method\":\"xpath\",\"selector\":\"//*[@id=\"app\"]/div[3]/div[2]/a\"}\n  (Session info: chrome=140.0.7339.208)\nFor documentation on this error, please visit: https://www.selenium.dev/documentation/webdriver/troubleshooting/errors#no-such-element-exception\nBuild info: version: '4.14.0', revision: 'e5a96349ce'\nSystem info: os.name: 'Windows 10', os.arch: 'amd64', os.version: '10.0', java.version: '23.0.2'\nDriver info: org.openqa.selenium.chrome.ChromeDriver\nCommand: [ea144d213b6af064a6d5a1bef23636b6, findElement {using=xpath, value=//*[@id=\"app\"]/div[3]/div[2]/a}]\nCapabilities {acceptInsecureCerts: false, browserName: chrome, browserVersion: 140.0.7339.208, chrome: {chromedriverVersion: 140.0.7339.207 (17230b545fd..., userDataDir: C:\\Users\\X\\AppData\\Local\\Te...}, fedcm:accounts: true, goog:chromeOptions: {debuggerAddress: localhost:63955}, networkConnectionEnabled: false, pageLoadStrategy: normal, platformName: windows, proxy: Proxy(), se:cdp: ws://localhost:63955/devtoo..., se:cdpVersion: 140.0.7339.208, setWindowRect: true, strictFileInteractability: false, timeouts: {implicit: 0, pageLoad: 300000, script: 30000}, unhandledPromptBehavior: dismiss and notify, webauthn:extension:credBlob: true, webauthn:extension:largeBlob: true, webauthn:extension:minPinLength: true, webauthn:extension:prf: true, webauthn:virtualAuthenticators: true}\nSession ID: ea144d213b6af064a6d5a1bef23636b6","trace":"org.openqa.selenium.NoSuchElementException: no such element: Unable to locate element: {\"method\":\"xpath\",\"selector\":\"//*[@id=\"app\"]/div[3]/div[2]/a\"}\n  (Session info: chrome=140.0.7339.208)\nFor documentation on this error, please visit: https://www.selenium.dev/documentation/webdriver/troubleshooting/errors#no-such-element-exception\nBuild info: version: '4.14.0', revision: 'e5a96349ce'\nSystem info: os.name: 'Windows 10', os.arch: 'amd64', os.version: '10.0', java.version: '23.0.2'\nDriver info: org.openqa.selenium.chrome.ChromeDriver\nCommand: [ea144d213b6af064a6d5a1bef23636b6, findElement {using=xpath, value=//*[@id=\"app\"]/div[3]/div[2]/a}]\nCapabilities {acceptInsecureCerts: false, browserName: chrome, browserVersion: 140.0.7339.208, chrome: {chromedriverVersion: 140.0.7339.207 (17230b545fd..., userDataDir: C:\\Users\\X\\AppData\\Local\\Te...}, fedcm:accounts: true, goog:chromeOptions: {debuggerAddress: localhost:63955}, networkConnectionEnabled: false, pageLoadStrategy: normal, platformName: windows, proxy: Proxy(), se:cdp: ws://localhost:63955/devtoo..., se:cdpVersion: 140.0.7339.208, setWindowRect: true, strictFileInteractability: false, timeouts: {implicit: 0, pageLoad: 300000, script: 30000}, unhandledPromptBehavior: dismiss and notify, webauthn:extension:credBlob: true, webauthn:extension:largeBlob: true, webauthn:extension:minPinLength: true, webauthn:extension:prf: true, webauthn:virtualAuthenticators: true}\nSession ID: ea144d213b6af064a6d5a1bef23636b6\r\n\tat java.base/jdk.internal.reflect.DirectConstructorHandleAccessor.newInstance(DirectConstructorHandleAccessor.java:62)\r\n\tat java.base/java.lang.reflect.Constructor.newInstanceWithCaller(Constructor.java:501)\r\n\tat java.base/java.lang.reflect.Constructor.newInstance(Constructor.java:485)\r\n\tat org.openqa.selenium.remote.codec.w3c.W3CHttpResponseCodec.createException(W3CHttpResponseCodec.java:200)\r\n\tat org.openqa.selenium.remote.codec.w3c.W3CHttpResponseCodec.decode(W3CHttpResponseCodec.java:133)\r\n\tat org.openqa.selenium.remote.codec.w3c.W3CHttpResponseCodec.decode(W3CHttpResponseCodec.java:52)\r\n\tat org.openqa.selenium.remote.HttpCommandExecutor.execute(HttpCommandExecutor.java:191)\r\n\tat org.openqa.selenium.remote.service.DriverCommandExecutor.invokeExecute(DriverCommandExecutor.java:196)\r\n\tat org.openqa.selenium.remote.service.DriverCommandExecutor.execute(DriverCommandExecutor.java:171)\r\n\tat org.openqa.selenium.remote.RemoteWebDriver.execute(RemoteWebDriver.java:602)\r\n\tat org.openqa.selenium.remote.ElementLocation$ElementFinder$2.findElement(ElementLocation.java:165)\r\n\tat org.openqa.selenium.remote.ElementLocation.findElement(ElementLocation.java:59)\r\n\tat org.openqa.selenium.remote.RemoteWebDriver.findElement(RemoteWebDriver.java:359)\r\n\tat org.openqa.selenium.remote.RemoteWebDriver.findElement(RemoteWebDriver.java:353)\r\n\tat org.openqa.selenium.support.pagefactory.DefaultElementLocator.findElement(DefaultElementLocator.java:68)\r\n\tat org.openqa.selenium.support.pagefactory.internal.LocatingElementHandler.invoke(LocatingElementHandler.java:38)\r\n\tat jdk.proxy2/jdk.proxy2.$Proxy37.click(Unknown Source)\r\n\tat stepdefinitions.DemoSteps.kullanıcıMyPanelDüğmesineTıklar(DemoSteps.java:236)\r\n\tat ✽.Kullanıcı My Panel düğmesine tıklar.(file:///C:/Users/X/IdeaProjects/Proje_Demo/src/test/resources/features/IkinciSenaryo.feature:49)\r\n"},"stage":"finished","steps":[{"name":"Given  İlgili URL ile ana sayfaya ulaşır.","status":"passed","statusDetails":{"known":false,"muted":false,"flaky":false},"stage":"finished","steps":[],"attachments":[],"parameters":[],"start":1759546995014,"stop":1759547003732},{"name":"And  Kullanici Login linkine tıklar","status":"passed","statusDetails":{"known":false,"muted":false,"flaky":false},"stage":"finished","steps":[],"attachments":[],"parameters":[],"start":1759547003733,"stop":1759547004627},{"name":"And  Kullanici Email ve Password text box larına data girmez","status":"passed","statusDetails":{"known":false,"muted":false,"flaky":false},"stage":"finished","steps":[],"attachments":[],"parameters":[],"start":1759547004629,"stop":1759547004630},{"name":"Then  login butonuna tıklar","status":"passed","statusDetails":{"known":false,"muted":false,"flaky":false},"stage":"finished","steps":[],"attachments":[],"parameters":[],"start":1759547004630,"stop":1759547007274},{"name":"And  Kullanıcı uyarı mesajini görüntüler negatif login testi başarılı","status":"passed","statusDetails":{"known":false,"muted":false,"flaky":false},"stage":"finished","steps":[],"attachments":[],"parameters":[],"start":1759547007274,"stop":1759547007276},{"name":"And  Kullanici Email ve Password text box larına geçersiz data girer","status":"passed","statusDetails":{"known":false,"muted":false,"flaky":false},"stage":"finished","steps":[],"attachments":[],"parameters":[],"start":1759547007276,"stop":1759547011523},{"name":"Then  login butonuna tıklar","status":"passed","statusDetails":{"known":false,"muted":false,"flaky":false},"stage":"finished","steps":[],"attachments":[],"parameters":[],"start":1759547011524,"stop":1759547014167},{"name":"And  Kullanıcı uyarı mesajini görüntüler negatif login testi başarılı","status":"passed","statusDetails":{"known":false,"muted":false,"flaky":false},"stage":"finished","steps":[],"attachments":[],"parameters":[],"start":1759547014167,"stop":1759547014168},{"name":"When  Kullanıcı Email textbox'ına geçerli E-posta Password text box'ına geçersiz şifre girer","status":"passed","statusDetails":{"known":false,"muted":false,"flaky":false},"stage":"finished","steps":[],"attachments":[],"parameters":[],"start":1759547014169,"stop":1759547018543},{"name":"Then  login butonuna tıklar","status":"passed","statusDetails":{"known":false,"muted":false,"flaky":false},"stage":"finished","steps":[],"attachments":[],"parameters":[],"start":1759547018544,"stop":1759547021373},{"name":"And  Kullanıcı uyarı mesajini görüntüler negatif login testi başarılı","status":"passed","statusDetails":{"known":false,"muted":false,"flaky":false},"stage":"finished","steps":[],"attachments":[],"parameters":[],"start":1759547021374,"stop":1759547021375},{"name":"When  Kullanıcı Email textbox'ına geçersiz E-posta Password text box'ına geçerli şifre girer","status":"passed","statusDetails":{"known":false,"muted":false,"flaky":false},"stage":"finished","steps":[],"attachments":[],"parameters":[],"start":1759547021375,"stop":1759547025690},{"name":"Then  login butonuna tıklar","status":"passed","statusDetails":{"known":false,"muted":false,"flaky":false},"stage":"finished","steps":[],"attachments":[],"parameters":[],"start":1759547025691,"stop":1759547028307},{"name":"And  Kullanıcı uyarı mesajini görüntüler negatif login testi başarılı","status":"passed","statusDetails":{"known":false,"muted":false,"flaky":false},"stage":"finished","steps":[],"attachments":[],"parameters":[],"start":1759547028307,"stop":1759547028307},{"name":"When  Kullanıcı Email textbox'ına geçersiz formatta data girer","status":"passed","statusDetails":{"known":false,"muted":false,"flaky":false},"stage":"finished","steps":[],"attachments":[],"parameters":[],"start":1759547028307,"stop":1759547030458},{"name":"Then  login butonuna tıklar","status":"passed","statusDetails":{"known":false,"muted":false,"flaky":false},"stage":"finished","steps":[],"attachments":[],"parameters":[],"start":1759547030459,"stop":1759547032494},{"name":"And  Kullanıcı uyarı mesajini görüntüler negatif login testi başarılı","status":"passed","statusDetails":{"known":false,"muted":false,"flaky":false},"stage":"finished","steps":[],"attachments":[],"parameters":[],"start":1759547032495,"stop":1759547032496},{"name":"When  Kullanıcı Password textbox'ına geçersiz uzunlukta data girer","status":"passed","statusDetails":{"known":false,"muted":false,"flaky":false},"stage":"finished","steps":[],"attachments":[],"parameters":[],"start":1759547032499,"stop":1759547034842},{"name":"Then  login butonuna tıklar","status":"passed","statusDetails":{"known":false,"muted":false,"flaky":false},"stage":"finished","steps":[],"attachments":[],"parameters":[],"start":1759547034843,"stop":1759547037484},{"name":"And  Kullanıcı uyarı mesajini görüntüler negatif login testi başarılı","status":"passed","statusDetails":{"known":false,"muted":false,"flaky":false},"stage":"finished","steps":[],"attachments":[],"parameters":[],"start":1759547037484,"stop":1759547037485},{"name":"And  Kullanici Email textbox'ına geçerli E-posta Password textbox'ına geçerli şifre girer","status":"passed","statusDetails":{"known":false,"muted":false,"flaky":false},"stage":"finished","steps":[],"attachments":[],"parameters":[],"start":1759547037485,"stop":1759547039822},{"name":"Then  login butonuna tıklar","status":"passed","statusDetails":{"known":false,"muted":false,"flaky":false},"stage":"finished","steps":[],"attachments":[],"parameters":[],"start":1759547039822,"stop":1759547043070},{"name":"And  Kullanıcı sitenin Dashboard sayfasına erişir.","status":"passed","statusDetails":{"known":false,"muted":false,"flaky":false},"stage":"finished","steps":[],"attachments":[],"parameters":[],"start":1759547043070,"stop":1759547045086},{"name":"Then  Kullanici Courses linkine tıklar kurslar sayfasın yönlenir","status":"passed","statusDetails":{"known":false,"muted":false,"flaky":false},"stage":"finished","steps":[],"attachments":[],"parameters":[],"start":1759547045086,"stop":1759547046954},{"name":"Then  Kullanici Search text box'ında arama yapar","status":"passed","statusDetails":{"known":false,"muted":false,"flaky":false},"stage":"finished","steps":[],"attachments":[],"parameters":[],"start":1759547046955,"stop":1759547050001},{"name":"Then  Kullanici aradığı kurs linkine tıklar","status":"passed","statusDetails":{"known":false,"muted":false,"flaky":false},"stage":"finished","steps":[],"attachments":[],"parameters":[],"start":1759547050002,"stop":1759547054338},{"name":"Then  Kullanici Buy Now butonuna tıklar","status":"passed","statusDetails":{"known":false,"muted":false,"flaky":false},"stage":"finished","steps":[],"attachments":[],"parameters":[],"start":1759547054339,"stop":1759547056765},{"name":"And  Kullanıcı ödeme yöntemini seçer.","status":"passed","statusDetails":{"known":false,"muted":false,"flaky":false},"stage":"finished","steps":[],"attachments":[],"parameters":[],"start":1759547056766,"stop":1759547059869},{"name":"And  Kullanıcı Start Payment butonuna tıklar.","status":"passed","statusDetails":{"known":false,"muted":false,"flaky":false},"stage":"finished","steps":[],"attachments":[],"parameters":[],"start":1759547059869,"stop":1759547068330},{"name":"Given  kullanıcı ödeme sayfasına yönlenir","status":"passed","statusDetails":{"known":false,"muted":false,"flaky":false},"stage":"finished","steps":[],"attachments":[],"parameters":[],"start":1759547068330,"stop":1759547069338},{"name":"And  kullanıcı ödeme formuna data girmez","status":"passed","statusDetails":{"known":false,"muted":false,"flaky":false},"stage":"finished","steps":[],"attachments":[],"parameters":[],"start":1759547069339,"stop":1759547069340},{"name":"And  Kullanıcı Payment butonuna tıklar","status":"passed","statusDetails":{"known":false,"muted":false,"flaky":false},"stage":"finished","steps":[],"attachments":[],"parameters":[],"start":1759547069341,"stop":1759547073747},{"name":"Then  Kullanıcı uyarı mesajını görüntüler negatif ödeme testi başarılı","status":"passed","statusDetails":{"known":false,"muted":false,"flaky":false},"stage":"finished","steps":[],"attachments":[],"parameters":[],"start":1759547073748,"stop":1759547075755},{"name":"When  Kullanici Geçersiz e-posta girer","status":"passed","statusDetails":{"known":false,"muted":false,"flaky":false},"stage":"finished","steps":[],"attachments":[],"parameters":[],"start":1759547075755,"stop":1759547078103},{"name":"And  Kullanıcı Payment butonuna tıklar","status":"passed","statusDetails":{"known":false,"muted":false,"flaky":false},"stage":"finished","steps":[],"attachments":[],"parameters":[],"start":1759547078103,"stop":1759547080287},{"name":"Then  Kullanıcı uyarı mesajını görüntüler negatif ödeme testi başarılı","status":"passed","statusDetails":{"known":false,"muted":false,"flaky":false},"stage":"finished","steps":[],"attachments":[],"parameters":[],"start":1759547080287,"stop":1759547082301},{"name":"When  kullanıcı Eksik kart numarası girer","status":"passed","statusDetails":{"known":false,"muted":false,"flaky":false},"stage":"finished","steps":[],"attachments":[],"parameters":[],"start":1759547082302,"stop":1759547087500},{"name":"And  Kullanıcı Payment butonuna tıklar","status":"passed","statusDetails":{"known":false,"muted":false,"flaky":false},"stage":"finished","steps":[],"attachments":[],"parameters":[],"start":1759547087500,"stop":1759547089642},{"name":"Then  Kullanıcı uyarı mesajını görüntüler negatif ödeme testi başarılı","status":"passed","statusDetails":{"known":false,"muted":false,"flaky":false},"stage":"finished","steps":[],"attachments":[],"parameters":[],"start":1759547089643,"stop":1759547091644},{"name":"And  Kullanıcı son kullanımı tarihi dolmuş kart bilgisi girer","status":"passed","statusDetails":{"known":false,"muted":false,"flaky":false},"stage":"finished","steps":[],"attachments":[],"parameters":[],"start":1759547091645,"stop":1759547096398},{"name":"And  Kullanıcı Payment butonuna tıklar","status":"passed","statusDetails":{"known":false,"muted":false,"flaky":false},"stage":"finished","steps":[],"attachments":[],"parameters":[],"start":1759547096399,"stop":1759547098532},{"name":"Then  Kullanıcı uyarı mesajını görüntüler negatif ödeme testi başarılı","status":"passed","statusDetails":{"known":false,"muted":false,"flaky":false},"stage":"finished","steps":[],"attachments":[],"parameters":[],"start":1759547098533,"stop":1759547100541},{"name":"And  Kullanıcı tüm alanları geçerli bilgileri girer.","status":"passed","statusDetails":{"known":false,"muted":false,"flaky":false},"stage":"finished","steps":[],"attachments":[],"parameters":[],"start":1759547100542,"stop":1759547107330},{"name":"And  Kullanıcı Payment butonuna tıklar","status":"passed","statusDetails":{"known":false,"muted":false,"flaky":false},"stage":"finished","steps":[],"attachments":[],"parameters":[],"start":1759547107331,"stop":1759547109455},{"name":"Then  Kullanıcı ödeme yapıldığını görüntüler.","status":"passed","statusDetails":{"known":false,"muted":false,"flaky":false},"stage":"finished","steps":[],"attachments":[],"parameters":[],"start":1759547109455,"stop":1759547109456},{"name":"When  Kullanıcı My Panel düğmesine tıklar.","status":"broken","statusDetails":{"known":false,"muted":false,"flaky":false,"message":"no such element: Unable to locate element: {\"method\":\"xpath\",\"selector\":\"//*[@id=\"app\"]/div[3]/div[2]/a\"}\n  (Session info: chrome=140.0.7339.208)\nFor documentation on this error, please visit: https://www.selenium.dev/documentation/webdriver/troubleshooting/errors#no-such-element-exception\nBuild info: version: '4.14.0', revision: 'e5a96349ce'\nSystem info: os.name: 'Windows 10', os.arch: 'amd64', os.version: '10.0', java.version: '23.0.2'\nDriver info: org.openqa.selenium.chrome.ChromeDriver\nCommand: [ea144d213b6af064a6d5a1bef23636b6, findElement {using=xpath, value=//*[@id=\"app\"]/div[3]/div[2]/a}]\nCapabilities {acceptInsecureCerts: false, browserName: chrome, browserVersion: 140.0.7339.208, chrome: {chromedriverVersion: 140.0.7339.207 (17230b545fd..., userDataDir: C:\\Users\\X\\AppData\\Local\\Te...}, fedcm:accounts: true, goog:chromeOptions: {debuggerAddress: localhost:63955}, networkConnectionEnabled: false, pageLoadStrategy: normal, platformName: windows, proxy: Proxy(), se:cdp: ws://localhost:63955/devtoo..., se:cdpVersion: 140.0.7339.208, setWindowRect: true, strictFileInteractability: false, timeouts: {implicit: 0, pageLoad: 300000, script: 30000}, unhandledPromptBehavior: dismiss and notify, webauthn:extension:credBlob: true, webauthn:extension:largeBlob: true, webauthn:extension:minPinLength: true, webauthn:extension:prf: true, webauthn:virtualAuthenticators: true}\nSession ID: ea144d213b6af064a6d5a1bef23636b6","trace":"org.openqa.selenium.NoSuchElementException: no such element: Unable to locate element: {\"method\":\"xpath\",\"selector\":\"//*[@id=\"app\"]/div[3]/div[2]/a\"}\n  (Session info: chrome=140.0.7339.208)\nFor documentation on this error, please visit: https://www.selenium.dev/documentation/webdriver/troubleshooting/errors#no-such-element-exception\nBuild info: version: '4.14.0', revision: 'e5a96349ce'\nSystem info: os.name: 'Windows 10', os.arch: 'amd64', os.version: '10.0', java.version: '23.0.2'\nDriver info: org.openqa.selenium.chrome.ChromeDriver\nCommand: [ea144d213b6af064a6d5a1bef23636b6, findElement {using=xpath, value=//*[@id=\"app\"]/div[3]/div[2]/a}]\nCapabilities {acceptInsecureCerts: false, browserName: chrome, browserVersion: 140.0.7339.208, chrome: {chromedriverVersion: 140.0.7339.207 (17230b545fd..., userDataDir: C:\\Users\\X\\AppData\\Local\\Te...}, fedcm:accounts: true, goog:chromeOptions: {debuggerAddress: localhost:63955}, networkConnectionEnabled: false, pageLoadStrategy: normal, platformName: windows, proxy: Proxy(), se:cdp: ws://localhost:63955/devtoo..., se:cdpVersion: 140.0.7339.208, setWindowRect: true, strictFileInteractability: false, timeouts: {implicit: 0, pageLoad: 300000, script: 30000}, unhandledPromptBehavior: dismiss and notify, webauthn:extension:credBlob: true, webauthn:extension:largeBlob: true, webauthn:extension:minPinLength: true, webauthn:extension:prf: true, webauthn:virtualAuthenticators: true}\nSession ID: ea144d213b6af064a6d5a1bef23636b6\r\n\tat java.base/jdk.internal.reflect.DirectConstructorHandleAccessor.newInstance(DirectConstructorHandleAccessor.java:62)\r\n\tat java.base/java.lang.reflect.Constructor.newInstanceWithCaller(Constructor.java:501)\r\n\tat java.base/java.lang.reflect.Constructor.newInstance(Constructor.java:485)\r\n\tat org.openqa.selenium.remote.codec.w3c.W3CHttpResponseCodec.createException(W3CHttpResponseCodec.java:200)\r\n\tat org.openqa.selenium.remote.codec.w3c.W3CHttpResponseCodec.decode(W3CHttpResponseCodec.java:133)\r\n\tat org.openqa.selenium.remote.codec.w3c.W3CHttpResponseCodec.decode(W3CHttpResponseCodec.java:52)\r\n\tat org.openqa.selenium.remote.HttpCommandExecutor.execute(HttpCommandExecutor.java:191)\r\n\tat org.openqa.selenium.remote.service.DriverCommandExecutor.invokeExecute(DriverCommandExecutor.java:196)\r\n\tat org.openqa.selenium.remote.service.DriverCommandExecutor.execute(DriverCommandExecutor.java:171)\r\n\tat org.openqa.selenium.remote.RemoteWebDriver.execute(RemoteWebDriver.java:602)\r\n\tat org.openqa.selenium.remote.ElementLocation$ElementFinder$2.findElement(ElementLocation.java:165)\r\n\tat org.openqa.selenium.remote.ElementLocation.findElement(ElementLocation.java:59)\r\n\tat org.openqa.selenium.remote.RemoteWebDriver.findElement(RemoteWebDriver.java:359)\r\n\tat org.openqa.selenium.remote.RemoteWebDriver.findElement(RemoteWebDriver.java:353)\r\n\tat org.openqa.selenium.support.pagefactory.DefaultElementLocator.findElement(DefaultElementLocator.java:68)\r\n\tat org.openqa.selenium.support.pagefactory.internal.LocatingElementHandler.invoke(LocatingElementHandler.java:38)\r\n\tat jdk.proxy2/jdk.proxy2.$Proxy37.click(Unknown Source)\r\n\tat stepdefinitions.DemoSteps.kullanıcıMyPanelDüğmesineTıklar(DemoSteps.java:236)\r\n\tat ✽.Kullanıcı My Panel düğmesine tıklar.(file:///C:/Users/X/IdeaProjects/Proje_Demo/src/test/resources/features/IkinciSenaryo.feature:49)\r\n"},"stage":"finished","steps":[],"attachments":[],"parameters":[],"start":1759547109456,"stop":1759547124495},{"name":"And  Kullanıcı sitenin Dashboard sayfasına erişir.","status":"skipped","statusDetails":{"known":false,"muted":false,"flaky":false},"stage":"finished","steps":[],"attachments":[],"parameters":[],"start":1759547124499,"stop":1759547124500},{"name":"And  Kullanıcı çıkış yapar.","status":"skipped","statusDetails":{"known":false,"muted":false,"flaky":false},"stage":"finished","steps":[],"attachments":[],"parameters":[],"start":1759547124501,"stop":1759547124502}],"attachments":[],"parameters":[],"start":1759546989332,"stop":1759547125471}