{"uuid":"d96b211b-36be-4b0c-963b-35ba9e97258a","historyId":"e1ef87c3ab2943772bc0d20825b9fb28","fullName":"src/test/resources/features/DEMO_US0034.feature:25","labels":[{"name":"tag","value":"demo"},{"name":"host","value":"ONUR"},{"name":"thread","value":"32@ONUR.main(1)"},{"name":"feature","value":"Kayıtlı bir kullanıcı olarak ana sayfada eğitmenleri görüp bilgi alabilmek ve randevu oluşturabilmek istiyorum."},{"name":"story","value":"Seçilen eğitmenin fiyatı, ders adı ve beğeni bilgileri görünür olmalıdır"},{"name":"suite","value":"Kayıtlı bir kullanıcı olarak ana sayfada eğitmenleri görüp bilgi alabilmek ve randevu oluşturabilmek istiyorum."},{"name":"testClass","value":"Seçilen eğitmenin fiyatı, ders adı ve beğeni bilgileri görünür olmalıdır"},{"name":"framework","value":"cucumber4jvm"},{"name":"language","value":"java"},{"name":"gherkin_uri","value":"file:///C:/Users/X/IdeaProjects/Proje_Demo/src/test/resources/features/DEMO_US0034.feature"},{"name":"package","value":"src.test.resources.features.DEMO_US0034_feature.Kayıtlı bir kullanıcı olarak ana sayfada eğitmenleri görüp bilgi alabilmek ve randevu oluşturabilmek istiyorum."}],"links":[],"name":"Seçilen eğitmenin fiyatı, ders adı ve beğeni bilgileri görünür olmalıdır","status":"broken","statusDetails":{"known":false,"muted":false,"flaky":false,"message":"invalid selector: Unable to locate an element with the xpath expression <h3 class=\"mt-20 font-16 font-weight-bold text-dark-blue text-center\">Sawyer Emerson</h3> because of the following error:\nSyntaxError: Failed to execute 'evaluate' on 'Document': The string '<h3 class=\"mt-20 font-16 font-weight-bold text-dark-blue text-center\">Sawyer Emerson</h3>' is not a valid XPath expression.\n  (Session info: chrome=140.0.7339.208)\nFor documentation on this error, please visit: https://www.selenium.dev/documentation/webdriver/troubleshooting/errors#invalid-selector-exception\nBuild info: version: '4.14.0', revision: 'e5a96349ce'\nSystem info: os.name: 'Windows 10', os.arch: 'amd64', os.version: '10.0', java.version: '23.0.2'\nDriver info: org.openqa.selenium.chrome.ChromeDriver\nCommand: [dbbdfeca21c430a2a791816c2feb431c, findElement {using=xpath, value=<h3 class=\"mt-20 font-16 font-weight-bold text-dark-blue text-center\">Sawyer Emerson</h3>}]\nCapabilities {acceptInsecureCerts: false, browserName: chrome, browserVersion: 140.0.7339.208, chrome: {chromedriverVersion: 140.0.7339.207 (17230b545fd..., userDataDir: C:\\Users\\X\\AppData\\Local\\Te...}, fedcm:accounts: true, goog:chromeOptions: {debuggerAddress: localhost:60336}, networkConnectionEnabled: false, pageLoadStrategy: normal, platformName: windows, proxy: Proxy(), se:cdp: ws://localhost:60336/devtoo..., se:cdpVersion: 140.0.7339.208, setWindowRect: true, strictFileInteractability: false, timeouts: {implicit: 0, pageLoad: 300000, script: 30000}, unhandledPromptBehavior: dismiss and notify, webauthn:extension:credBlob: true, webauthn:extension:largeBlob: true, webauthn:extension:minPinLength: true, webauthn:extension:prf: true, webauthn:virtualAuthenticators: true}\nSession ID: dbbdfeca21c430a2a791816c2feb431c","trace":"org.openqa.selenium.InvalidSelectorException: invalid selector: Unable to locate an element with the xpath expression <h3 class=\"mt-20 font-16 font-weight-bold text-dark-blue text-center\">Sawyer Emerson</h3> because of the following error:\nSyntaxError: Failed to execute 'evaluate' on 'Document': The string '<h3 class=\"mt-20 font-16 font-weight-bold text-dark-blue text-center\">Sawyer Emerson</h3>' is not a valid XPath expression.\n  (Session info: chrome=140.0.7339.208)\nFor documentation on this error, please visit: https://www.selenium.dev/documentation/webdriver/troubleshooting/errors#invalid-selector-exception\nBuild info: version: '4.14.0', revision: 'e5a96349ce'\nSystem info: os.name: 'Windows 10', os.arch: 'amd64', os.version: '10.0', java.version: '23.0.2'\nDriver info: org.openqa.selenium.chrome.ChromeDriver\nCommand: [dbbdfeca21c430a2a791816c2feb431c, findElement {using=xpath, value=<h3 class=\"mt-20 font-16 font-weight-bold text-dark-blue text-center\">Sawyer Emerson</h3>}]\nCapabilities {acceptInsecureCerts: false, browserName: chrome, browserVersion: 140.0.7339.208, chrome: {chromedriverVersion: 140.0.7339.207 (17230b545fd..., userDataDir: C:\\Users\\X\\AppData\\Local\\Te...}, fedcm:accounts: true, goog:chromeOptions: {debuggerAddress: localhost:60336}, networkConnectionEnabled: false, pageLoadStrategy: normal, platformName: windows, proxy: Proxy(), se:cdp: ws://localhost:60336/devtoo..., se:cdpVersion: 140.0.7339.208, setWindowRect: true, strictFileInteractability: false, timeouts: {implicit: 0, pageLoad: 300000, script: 30000}, unhandledPromptBehavior: dismiss and notify, webauthn:extension:credBlob: true, webauthn:extension:largeBlob: true, webauthn:extension:minPinLength: true, webauthn:extension:prf: true, webauthn:virtualAuthenticators: true}\nSession ID: dbbdfeca21c430a2a791816c2feb431c\r\n\tat java.base/jdk.internal.reflect.DirectConstructorHandleAccessor.newInstance(DirectConstructorHandleAccessor.java:62)\r\n\tat java.base/java.lang.reflect.Constructor.newInstanceWithCaller(Constructor.java:501)\r\n\tat java.base/java.lang.reflect.Constructor.newInstance(Constructor.java:485)\r\n\tat org.openqa.selenium.remote.codec.w3c.W3CHttpResponseCodec.createException(W3CHttpResponseCodec.java:200)\r\n\tat org.openqa.selenium.remote.codec.w3c.W3CHttpResponseCodec.decode(W3CHttpResponseCodec.java:133)\r\n\tat org.openqa.selenium.remote.codec.w3c.W3CHttpResponseCodec.decode(W3CHttpResponseCodec.java:52)\r\n\tat org.openqa.selenium.remote.HttpCommandExecutor.execute(HttpCommandExecutor.java:191)\r\n\tat org.openqa.selenium.remote.service.DriverCommandExecutor.invokeExecute(DriverCommandExecutor.java:196)\r\n\tat org.openqa.selenium.remote.service.DriverCommandExecutor.execute(DriverCommandExecutor.java:171)\r\n\tat org.openqa.selenium.remote.RemoteWebDriver.execute(RemoteWebDriver.java:602)\r\n\tat org.openqa.selenium.remote.ElementLocation$ElementFinder$2.findElement(ElementLocation.java:165)\r\n\tat org.openqa.selenium.remote.ElementLocation.findElement(ElementLocation.java:59)\r\n\tat org.openqa.selenium.remote.RemoteWebDriver.findElement(RemoteWebDriver.java:359)\r\n\tat org.openqa.selenium.remote.RemoteWebDriver.findElement(RemoteWebDriver.java:353)\r\n\tat org.openqa.selenium.support.pagefactory.DefaultElementLocator.findElement(DefaultElementLocator.java:68)\r\n\tat org.openqa.selenium.support.pagefactory.internal.LocatingElementHandler.invoke(LocatingElementHandler.java:38)\r\n\tat jdk.proxy2/jdk.proxy2.$Proxy37.getWrappedElement(Unknown Source)\r\n\tat org.openqa.selenium.remote.internal.WebElementToJsonConverter.apply(WebElementToJsonConverter.java:51)\r\n\tat java.base/java.util.stream.ReferencePipeline$3$1.accept(ReferencePipeline.java:215)\r\n\tat java.base/java.util.Spliterators$ArraySpliterator.forEachRemaining(Spliterators.java:1024)\r\n\tat java.base/java.util.stream.AbstractPipeline.copyInto(AbstractPipeline.java:570)\r\n\tat java.base/java.util.stream.AbstractPipeline.wrapAndCopyInto(AbstractPipeline.java:560)\r\n\tat java.base/java.util.stream.ReduceOps$ReduceOp.evaluateSequential(ReduceOps.java:921)\r\n\tat java.base/java.util.stream.AbstractPipeline.evaluate(AbstractPipeline.java:265)\r\n\tat java.base/java.util.stream.ReferencePipeline.collect(ReferencePipeline.java:727)\r\n\tat org.openqa.selenium.remote.RemoteWebDriver.executeScript(RemoteWebDriver.java:465)\r\n\tat utilities.JSUtilities.scrollToElement(JSUtilities.java:14)\r\n\tat stepdefinitions.DemoSteps.scroll(DemoSteps.java:18)\r\n\tat stepdefinitions.DemoSteps.sawyer_emerson_metni_görünür_olmalıdır(DemoSteps.java:85)\r\n\tat ✽.Sawyer Emerson metni görünür olmalıdır.(file:///C:/Users/X/IdeaProjects/Proje_Demo/src/test/resources/features/DEMO_US0034.feature:30)\r\n"},"stage":"finished","steps":[{"name":"Given  İlgili URL ile ana sayfaya ulaşır.","status":"passed","statusDetails":{"known":false,"muted":false,"flaky":false},"stage":"finished","steps":[],"attachments":[],"parameters":[],"start":1759365782733,"stop":1759365796213},{"name":"And  Giriş Yap’a tıklar ve geçerli öğrenci e-posta ve şifresiyle giriş yapar.","status":"passed","statusDetails":{"known":false,"muted":false,"flaky":false},"stage":"finished","steps":[],"attachments":[],"parameters":[],"start":1759365796214,"stop":1759365800613},{"name":"And  Kullanıcı sitenin Dashboard sayfasına erişir.","status":"passed","statusDetails":{"known":false,"muted":false,"flaky":false},"stage":"finished","steps":[],"attachments":[],"parameters":[],"start":1759365800614,"stop":1759365800635},{"name":"When  Kullanıcı Instructors başlığına tıklar.","status":"passed","statusDetails":{"known":false,"muted":false,"flaky":false},"stage":"finished","steps":[],"attachments":[],"parameters":[],"start":1759365800636,"stop":1759365801915},{"name":"And  Kullanıcı Available for Meetings düğmesine tıklar.","status":"passed","statusDetails":{"known":false,"muted":false,"flaky":false},"stage":"finished","steps":[],"attachments":[],"parameters":[],"start":1759365801916,"stop":1759365801961},{"name":"And  Kullanıcı Discount düğmesine tıklar.","status":"passed","statusDetails":{"known":false,"muted":false,"flaky":false},"stage":"finished","steps":[],"attachments":[],"parameters":[],"start":1759365801962,"stop":1759365802006},{"name":"And  Kullanıcı Management düğmesine tıklar.","status":"passed","statusDetails":{"known":false,"muted":false,"flaky":false},"stage":"finished","steps":[],"attachments":[],"parameters":[],"start":1759365802006,"stop":1759365802048},{"name":"Then  Sawyer Emerson metni görünür olmalıdır.","status":"broken","statusDetails":{"known":false,"muted":false,"flaky":false,"message":"invalid selector: Unable to locate an element with the xpath expression <h3 class=\"mt-20 font-16 font-weight-bold text-dark-blue text-center\">Sawyer Emerson</h3> because of the following error:\nSyntaxError: Failed to execute 'evaluate' on 'Document': The string '<h3 class=\"mt-20 font-16 font-weight-bold text-dark-blue text-center\">Sawyer Emerson</h3>' is not a valid XPath expression.\n  (Session info: chrome=140.0.7339.208)\nFor documentation on this error, please visit: https://www.selenium.dev/documentation/webdriver/troubleshooting/errors#invalid-selector-exception\nBuild info: version: '4.14.0', revision: 'e5a96349ce'\nSystem info: os.name: 'Windows 10', os.arch: 'amd64', os.version: '10.0', java.version: '23.0.2'\nDriver info: org.openqa.selenium.chrome.ChromeDriver\nCommand: [dbbdfeca21c430a2a791816c2feb431c, findElement {using=xpath, value=<h3 class=\"mt-20 font-16 font-weight-bold text-dark-blue text-center\">Sawyer Emerson</h3>}]\nCapabilities {acceptInsecureCerts: false, browserName: chrome, browserVersion: 140.0.7339.208, chrome: {chromedriverVersion: 140.0.7339.207 (17230b545fd..., userDataDir: C:\\Users\\X\\AppData\\Local\\Te...}, fedcm:accounts: true, goog:chromeOptions: {debuggerAddress: localhost:60336}, networkConnectionEnabled: false, pageLoadStrategy: normal, platformName: windows, proxy: Proxy(), se:cdp: ws://localhost:60336/devtoo..., se:cdpVersion: 140.0.7339.208, setWindowRect: true, strictFileInteractability: false, timeouts: {implicit: 0, pageLoad: 300000, script: 30000}, unhandledPromptBehavior: dismiss and notify, webauthn:extension:credBlob: true, webauthn:extension:largeBlob: true, webauthn:extension:minPinLength: true, webauthn:extension:prf: true, webauthn:virtualAuthenticators: true}\nSession ID: dbbdfeca21c430a2a791816c2feb431c","trace":"org.openqa.selenium.InvalidSelectorException: invalid selector: Unable to locate an element with the xpath expression <h3 class=\"mt-20 font-16 font-weight-bold text-dark-blue text-center\">Sawyer Emerson</h3> because of the following error:\nSyntaxError: Failed to execute 'evaluate' on 'Document': The string '<h3 class=\"mt-20 font-16 font-weight-bold text-dark-blue text-center\">Sawyer Emerson</h3>' is not a valid XPath expression.\n  (Session info: chrome=140.0.7339.208)\nFor documentation on this error, please visit: https://www.selenium.dev/documentation/webdriver/troubleshooting/errors#invalid-selector-exception\nBuild info: version: '4.14.0', revision: 'e5a96349ce'\nSystem info: os.name: 'Windows 10', os.arch: 'amd64', os.version: '10.0', java.version: '23.0.2'\nDriver info: org.openqa.selenium.chrome.ChromeDriver\nCommand: [dbbdfeca21c430a2a791816c2feb431c, findElement {using=xpath, value=<h3 class=\"mt-20 font-16 font-weight-bold text-dark-blue text-center\">Sawyer Emerson</h3>}]\nCapabilities {acceptInsecureCerts: false, browserName: chrome, browserVersion: 140.0.7339.208, chrome: {chromedriverVersion: 140.0.7339.207 (17230b545fd..., userDataDir: C:\\Users\\X\\AppData\\Local\\Te...}, fedcm:accounts: true, goog:chromeOptions: {debuggerAddress: localhost:60336}, networkConnectionEnabled: false, pageLoadStrategy: normal, platformName: windows, proxy: Proxy(), se:cdp: ws://localhost:60336/devtoo..., se:cdpVersion: 140.0.7339.208, setWindowRect: true, strictFileInteractability: false, timeouts: {implicit: 0, pageLoad: 300000, script: 30000}, unhandledPromptBehavior: dismiss and notify, webauthn:extension:credBlob: true, webauthn:extension:largeBlob: true, webauthn:extension:minPinLength: true, webauthn:extension:prf: true, webauthn:virtualAuthenticators: true}\nSession ID: dbbdfeca21c430a2a791816c2feb431c\r\n\tat java.base/jdk.internal.reflect.DirectConstructorHandleAccessor.newInstance(DirectConstructorHandleAccessor.java:62)\r\n\tat java.base/java.lang.reflect.Constructor.newInstanceWithCaller(Constructor.java:501)\r\n\tat java.base/java.lang.reflect.Constructor.newInstance(Constructor.java:485)\r\n\tat org.openqa.selenium.remote.codec.w3c.W3CHttpResponseCodec.createException(W3CHttpResponseCodec.java:200)\r\n\tat org.openqa.selenium.remote.codec.w3c.W3CHttpResponseCodec.decode(W3CHttpResponseCodec.java:133)\r\n\tat org.openqa.selenium.remote.codec.w3c.W3CHttpResponseCodec.decode(W3CHttpResponseCodec.java:52)\r\n\tat org.openqa.selenium.remote.HttpCommandExecutor.execute(HttpCommandExecutor.java:191)\r\n\tat org.openqa.selenium.remote.service.DriverCommandExecutor.invokeExecute(DriverCommandExecutor.java:196)\r\n\tat org.openqa.selenium.remote.service.DriverCommandExecutor.execute(DriverCommandExecutor.java:171)\r\n\tat org.openqa.selenium.remote.RemoteWebDriver.execute(RemoteWebDriver.java:602)\r\n\tat org.openqa.selenium.remote.ElementLocation$ElementFinder$2.findElement(ElementLocation.java:165)\r\n\tat org.openqa.selenium.remote.ElementLocation.findElement(ElementLocation.java:59)\r\n\tat org.openqa.selenium.remote.RemoteWebDriver.findElement(RemoteWebDriver.java:359)\r\n\tat org.openqa.selenium.remote.RemoteWebDriver.findElement(RemoteWebDriver.java:353)\r\n\tat org.openqa.selenium.support.pagefactory.DefaultElementLocator.findElement(DefaultElementLocator.java:68)\r\n\tat org.openqa.selenium.support.pagefactory.internal.LocatingElementHandler.invoke(LocatingElementHandler.java:38)\r\n\tat jdk.proxy2/jdk.proxy2.$Proxy37.getWrappedElement(Unknown Source)\r\n\tat org.openqa.selenium.remote.internal.WebElementToJsonConverter.apply(WebElementToJsonConverter.java:51)\r\n\tat java.base/java.util.stream.ReferencePipeline$3$1.accept(ReferencePipeline.java:215)\r\n\tat java.base/java.util.Spliterators$ArraySpliterator.forEachRemaining(Spliterators.java:1024)\r\n\tat java.base/java.util.stream.AbstractPipeline.copyInto(AbstractPipeline.java:570)\r\n\tat java.base/java.util.stream.AbstractPipeline.wrapAndCopyInto(AbstractPipeline.java:560)\r\n\tat java.base/java.util.stream.ReduceOps$ReduceOp.evaluateSequential(ReduceOps.java:921)\r\n\tat java.base/java.util.stream.AbstractPipeline.evaluate(AbstractPipeline.java:265)\r\n\tat java.base/java.util.stream.ReferencePipeline.collect(ReferencePipeline.java:727)\r\n\tat org.openqa.selenium.remote.RemoteWebDriver.executeScript(RemoteWebDriver.java:465)\r\n\tat utilities.JSUtilities.scrollToElement(JSUtilities.java:14)\r\n\tat stepdefinitions.DemoSteps.scroll(DemoSteps.java:18)\r\n\tat stepdefinitions.DemoSteps.sawyer_emerson_metni_görünür_olmalıdır(DemoSteps.java:85)\r\n\tat ✽.Sawyer Emerson metni görünür olmalıdır.(file:///C:/Users/X/IdeaProjects/Proje_Demo/src/test/resources/features/DEMO_US0034.feature:30)\r\n"},"stage":"finished","steps":[],"attachments":[],"parameters":[],"start":1759365802049,"stop":1759365802164},{"name":"And  Eğitmen puanı 4.69 olarak görünmelidir.","status":"skipped","statusDetails":{"known":false,"muted":false,"flaky":false},"stage":"finished","steps":[],"attachments":[],"parameters":[],"start":1759365802169,"stop":1759365802177},{"name":"And  Kullanıcı Sawyer Emerson metnine tıklar.","status":"skipped","statusDetails":{"known":false,"muted":false,"flaky":false},"stage":"finished","steps":[],"attachments":[],"parameters":[],"start":1759365802178,"stop":1759365802179},{"name":"When  Kullanıcı Courses düğmesine tıklar.","status":"skipped","statusDetails":{"known":false,"muted":false,"flaky":false},"stage":"finished","steps":[],"attachments":[],"parameters":[],"start":1759365802180,"stop":1759365802185}],"attachments":[],"parameters":[],"start":1759365779085,"stop":1759365803120}